{"numFailedTestSuites":0,"numFailedTests":0,"numPassedTestSuites":23,"numPassedTests":94,"numPendingTestSuites":0,"numPendingTests":1,"numRuntimeErrorTestSuites":0,"numTodoTests":0,"numTotalTestSuites":23,"numTotalTests":95,"openHandles":[],"snapshot":{"added":0,"didUpdate":false,"failure":false,"filesAdded":0,"filesRemoved":0,"filesRemovedList":[],"filesUnmatched":0,"filesUpdated":0,"matched":0,"total":0,"unchecked":0,"uncheckedKeysByFile":[],"unmatched":0,"updated":0},"startTime":1622722190126,"success":true,"testResults":[{"assertionResults":[{"ancestorTitles":["UserInfo","when given valid props"],"failureMessages":[],"fullName":"UserInfo when given valid props renders","location":null,"status":"passed","title":"renders"},{"ancestorTitles":["UserInfo","when given valid props"],"failureMessages":[],"fullName":"UserInfo when given valid props provides the username","location":null,"status":"passed","title":"provides the username"},{"ancestorTitles":["UserInfo","when given valid props"],"failureMessages":[],"fullName":"UserInfo when given valid props provides the groups","location":null,"status":"passed","title":"provides the groups"},{"ancestorTitles":["UserInfo","when given valid props"],"failureMessages":[],"fullName":"UserInfo when given valid props provides the roles","location":null,"status":"passed","title":"provides the roles"}],"endTime":1622722201772,"message":"","name":"/home/dacm/Projects/NotGovUK/lib/user-info/spec/UserInfo.ts","startTime":1622722193519,"status":"passed","summary":""},{"assertionResults":[{"ancestorTitles":["Tag","when given valid props"],"failureMessages":[],"fullName":"Tag when given valid props renders","location":null,"status":"passed","title":"renders"},{"ancestorTitles":["Tag","when given a text property"],"failureMessages":[],"fullName":"Tag when given a text property contains the text provided","location":null,"status":"passed","title":"contains the text provided"},{"ancestorTitles":["Tag","when given a child"],"failureMessages":[],"fullName":"Tag when given a child contains the child provided","location":null,"status":"passed","title":"contains the child provided"}],"endTime":1622722202023,"message":"","name":"/home/dacm/Projects/NotGovUK/components/tag/spec/Tag.ts","startTime":1622722193464,"status":"passed","summary":""},{"assertionResults":[{"ancestorTitles":["memoize"],"failureMessages":[],"fullName":"memoize is a function","location":null,"status":"passed","title":"is a function"},{"ancestorTitles":["memoize"],"failureMessages":[],"fullName":"memoize that takes one parameter","location":null,"status":"passed","title":"that takes one parameter"},{"ancestorTitles":["memoize","when given a pure function"],"failureMessages":[],"fullName":"memoize when given a pure function returns a function","location":null,"status":"passed","title":"returns a function"},{"ancestorTitles":["memoize","when given a pure function"],"failureMessages":[],"fullName":"memoize when given a pure function of the same length as the original","location":null,"status":"passed","title":"of the same length as the original"},{"ancestorTitles":["memoize","when given a pure function","that when called"],"failureMessages":[],"fullName":"memoize when given a pure function that when called returns the same result as the original","location":null,"status":"passed","title":"returns the same result as the original"},{"ancestorTitles":["memoize","when given a pure function","that when called"],"failureMessages":[],"fullName":"memoize when given a pure function that when called by calling the original function","location":null,"status":"passed","title":"by calling the original function"},{"ancestorTitles":["memoize","when given a pure function","that when called"],"failureMessages":[],"fullName":"memoize when given a pure function that when called by calling the original function with the same parameter","location":null,"status":"passed","title":"by calling the original function with the same parameter"},{"ancestorTitles":["memoize","when given a pure function","that when called"],"failureMessages":[],"fullName":"memoize when given a pure function that when called by calling the original function once","location":null,"status":"passed","title":"by calling the original function once"},{"ancestorTitles":["memoize","when given a pure function","that when called","and when called again with the same parameter"],"failureMessages":[],"fullName":"memoize when given a pure function that when called and when called again with the same parameter returns the same result as before","location":null,"status":"passed","title":"returns the same result as before"},{"ancestorTitles":["memoize","when given a pure function","that when called","and when called again with the same parameter"],"failureMessages":[],"fullName":"memoize when given a pure function that when called and when called again with the same parameter without calling the original function","location":null,"status":"passed","title":"without calling the original function"}],"endTime":1622722202029,"message":"","name":"/home/dacm/Projects/NotGovUK/lib/memoize/spec/index.ts","startTime":1622722193436,"status":"passed","summary":""},{"assertionResults":[{"ancestorTitles":["SkipLink","when given minimal valid props"],"failureMessages":[],"fullName":"SkipLink when given minimal valid props renders","location":null,"status":"passed","title":"renders"},{"ancestorTitles":["SkipLink","when given minimal valid props"],"failureMessages":[],"fullName":"SkipLink when given minimal valid props contains a link","location":null,"status":"passed","title":"contains a link"},{"ancestorTitles":["SkipLink","when given minimal valid props"],"failureMessages":[],"fullName":"SkipLink when given minimal valid props contains a link to the content","location":null,"status":"passed","title":"contains a link to the content"},{"ancestorTitles":["SkipLink","when given all valid props"],"failureMessages":[],"fullName":"SkipLink when given all valid props renders","location":null,"status":"passed","title":"renders"},{"ancestorTitles":["SkipLink","when given all valid props"],"failureMessages":[],"fullName":"SkipLink when given all valid props contains a link","location":null,"status":"passed","title":"contains a link"},{"ancestorTitles":["SkipLink","when given all valid props"],"failureMessages":[],"fullName":"SkipLink when given all valid props contains a link to the content","location":null,"status":"passed","title":"contains a link to the content"},{"ancestorTitles":["SkipLink","when given all valid props"],"failureMessages":[],"fullName":"SkipLink when given all valid props contains the children","location":null,"status":"passed","title":"contains the children"}],"endTime":1622722202217,"message":"","name":"/home/dacm/Projects/NotGovUK/components/skip-link/spec/SkipLink.ts","startTime":1622722193591,"status":"passed","summary":""},{"assertionResults":[{"ancestorTitles":["WidthContainer","when given valid props"],"failureMessages":[],"fullName":"WidthContainer when given valid props renders","location":null,"status":"passed","title":"renders"},{"ancestorTitles":["WidthContainer","when given a maximum width"],"failureMessages":[],"fullName":"WidthContainer when given a maximum width renders","location":null,"status":"passed","title":"renders"},{"ancestorTitles":["WidthContainer","when given a maximum width of -1"],"failureMessages":[],"fullName":"WidthContainer when given a maximum width of -1 renders","location":null,"status":"passed","title":"renders"}],"endTime":1622722202269,"message":"","name":"/home/dacm/Projects/NotGovUK/components/width-container/spec/WidthContainer.ts","startTime":1622722193488,"status":"passed","summary":""},{"assertionResults":[{"ancestorTitles":["PhaseBanner","when given valid props"],"failureMessages":[],"fullName":"PhaseBanner when given valid props renders","location":null,"status":"passed","title":"renders"},{"ancestorTitles":["PhaseBanner","when given valid props"],"failureMessages":[],"fullName":"PhaseBanner when given valid props declares the phase provided","location":null,"status":"passed","title":"declares the phase provided"},{"ancestorTitles":["PhaseBanner","when given valid props"],"failureMessages":[],"fullName":"PhaseBanner when given valid props displays the message provided","location":null,"status":"passed","title":"displays the message provided"}],"endTime":1622722202348,"message":"","name":"/home/dacm/Projects/NotGovUK/components/phase-banner/spec/PhaseBanner.ts","startTime":1622722193499,"status":"passed","summary":""},{"assertionResults":[{"ancestorTitles":["Table","when given valid props"],"failureMessages":[],"fullName":"Table when given valid props renders","location":null,"status":"passed","title":"renders"}],"endTime":1622722202380,"message":"","name":"/home/dacm/Projects/NotGovUK/components/table/spec/Table.ts","startTime":1622722193489,"status":"passed","summary":""},{"assertionResults":[{"ancestorTitles":["Details","when given valid props"],"failureMessages":[],"fullName":"Details when given valid props renders","location":null,"status":"passed","title":"renders"},{"ancestorTitles":["Details","when given valid props"],"failureMessages":[],"fullName":"Details when given valid props includes a summary","location":null,"status":"passed","title":"includes a summary"},{"ancestorTitles":["Details","when given valid props"],"failureMessages":[],"fullName":"Details when given valid props includes the summary provided","location":null,"status":"passed","title":"includes the summary provided"},{"ancestorTitles":["Details","when given valid props"],"failureMessages":[],"fullName":"Details when given valid props includes the children provided","location":null,"status":"passed","title":"includes the children provided"}],"endTime":1622722202465,"message":"","name":"/home/dacm/Projects/NotGovUK/components/details/spec/Details.ts","startTime":1622722193496,"status":"passed","summary":""},{"assertionResults":[{"ancestorTitles":["Footer","when given valid props"],"failureMessages":[],"fullName":"Footer when given valid props renders","location":null,"status":"passed","title":"renders"},{"ancestorTitles":["Footer","when given all valid props"],"failureMessages":[],"fullName":"Footer when given all valid props renders","location":null,"status":"passed","title":"renders"}],"endTime":1622722203018,"message":"","name":"/home/dacm/Projects/NotGovUK/components/footer/spec/Footer.ts","startTime":1622722193439,"status":"passed","summary":""},{"assertionResults":[{"ancestorTitles":["BackLink","when given a href","and a text property"],"failureMessages":[],"fullName":"BackLink when given a href and a text property is a link","location":null,"status":"passed","title":"is a link"},{"ancestorTitles":["BackLink","when given a href","and a text property"],"failureMessages":[],"fullName":"BackLink when given a href and a text property is a link with the text provided","location":null,"status":"passed","title":"is a link with the text provided"},{"ancestorTitles":["BackLink","when given a href","and a text property"],"failureMessages":[],"fullName":"BackLink when given a href and a text property links to the href provided","location":null,"status":"passed","title":"links to the href provided"},{"ancestorTitles":["BackLink","when given a href","but NOT a text property"],"failureMessages":[],"fullName":"BackLink when given a href but NOT a text property is a link","location":null,"status":"passed","title":"is a link"},{"ancestorTitles":["BackLink","when given a href","but NOT a text property"],"failureMessages":[],"fullName":"BackLink when given a href but NOT a text property is a link with the text 'Back'","location":null,"status":"passed","title":"is a link with the text 'Back'"},{"ancestorTitles":["BackLink","when given a href","but NOT a text property"],"failureMessages":[],"fullName":"BackLink when given a href but NOT a text property links to the href provided","location":null,"status":"passed","title":"links to the href provided"},{"ancestorTitles":["BackLink","when NOT given a href"],"failureMessages":[],"fullName":"BackLink when NOT given a href is a link","location":null,"status":"passed","title":"is a link"},{"ancestorTitles":["BackLink","when NOT given a href"],"failureMessages":[],"fullName":"BackLink when NOT given a href is a link with the text 'Back'","location":null,"status":"passed","title":"is a link with the text 'Back'"},{"ancestorTitles":["BackLink","when NOT given a href","when clicked"],"failureMessages":[],"fullName":"BackLink when NOT given a href when clicked takes a step back in the history","location":null,"status":"pending","title":"takes a step back in the history"}],"endTime":1622722203098,"message":"","name":"/home/dacm/Projects/NotGovUK/components/back-link/spec/BackLink.ts","startTime":1622722193527,"status":"passed","summary":""},{"assertionResults":[{"ancestorTitles":["Breadcrumbs","when given valid props"],"failureMessages":[],"fullName":"Breadcrumbs when given valid props renders","location":null,"status":"passed","title":"renders"},{"ancestorTitles":["Breadcrumbs","when given valid props"],"failureMessages":[],"fullName":"Breadcrumbs when given valid props contains the same number of items as were given to it","location":null,"status":"passed","title":"contains the same number of items as were given to it"},{"ancestorTitles":["Breadcrumbs","when given valid props"],"failureMessages":[],"fullName":"Breadcrumbs when given valid props represents all the items as links","location":null,"status":"passed","title":"represents all the items as links"},{"ancestorTitles":["Breadcrumbs","when given valid props"],"failureMessages":[],"fullName":"Breadcrumbs when given valid props contains the text of the items","location":null,"status":"passed","title":"contains the text of the items"},{"ancestorTitles":["Breadcrumbs","when given valid props"],"failureMessages":[],"fullName":"Breadcrumbs when given valid props links to the hrefs in the items","location":null,"status":"passed","title":"links to the hrefs in the items"}],"endTime":1622722203182,"message":"","name":"/home/dacm/Projects/NotGovUK/components/breadcrumbs/spec/Breadcrumbs.ts","startTime":1622722193481,"status":"passed","summary":""},{"assertionResults":[{"ancestorTitles":["Tabs","when given minimal valid props"],"failureMessages":[],"fullName":"Tabs when given minimal valid props renders","location":null,"status":"passed","title":"renders"},{"ancestorTitles":["Tabs","when given minimal valid props"],"failureMessages":[],"fullName":"Tabs when given minimal valid props contains the labels","location":null,"status":"passed","title":"contains the labels"},{"ancestorTitles":["Tabs","when given minimal valid props"],"failureMessages":[],"fullName":"Tabs when given minimal valid props contains the content","location":null,"status":"passed","title":"contains the content"},{"ancestorTitles":["Tabs","when given minimal valid props"],"failureMessages":[],"fullName":"Tabs when given minimal valid props shows the first panel","location":null,"status":"passed","title":"shows the first panel"}],"endTime":1622722203315,"message":"","name":"/home/dacm/Projects/NotGovUK/components/tabs/spec/Tabs.ts","startTime":1622722193501,"status":"passed","summary":""},{"assertionResults":[{"ancestorTitles":["Header","when given valid props"],"failureMessages":[],"fullName":"Header when given valid props renders","location":null,"status":"passed","title":"renders"},{"ancestorTitles":["Header","when given valid props"],"failureMessages":[],"fullName":"Header when given valid props is NOT GOV.UK branded","location":null,"status":"passed","title":"is NOT GOV.UK branded"},{"ancestorTitles":["Header","when given valid props"],"failureMessages":[],"fullName":"Header when given valid props does NOT contain the sign-out link","location":null,"status":"passed","title":"does NOT contain the sign-out link"},{"ancestorTitles":["Header","when given all valid props"],"failureMessages":[],"fullName":"Header when given all valid props renders","location":null,"status":"passed","title":"renders"},{"ancestorTitles":["Header","when given all valid props"],"failureMessages":[],"fullName":"Header when given all valid props is GOV.UK branded","location":null,"status":"passed","title":"is GOV.UK branded"},{"ancestorTitles":["Header","when given all valid props"],"failureMessages":[],"fullName":"Header when given all valid props contains the service name","location":null,"status":"passed","title":"contains the service name"},{"ancestorTitles":["Header","when given all valid props"],"failureMessages":[],"fullName":"Header when given all valid props contains the navigation links","location":null,"status":"passed","title":"contains the navigation links"},{"ancestorTitles":["Header","when given all valid props"],"failureMessages":[],"fullName":"Header when given all valid props contains the sign-out link","location":null,"status":"passed","title":"contains the sign-out link"}],"endTime":1622722203416,"message":"","name":"/home/dacm/Projects/NotGovUK/components/header/spec/Header.ts","startTime":1622722193424,"status":"passed","summary":""},{"assertionResults":[{"ancestorTitles":["NavigationMenu","when given minimal valid props"],"failureMessages":[],"fullName":"NavigationMenu when given minimal valid props renders","location":null,"status":"passed","title":"renders"},{"ancestorTitles":["NavigationMenu","when given minimal valid props"],"failureMessages":[],"fullName":"NavigationMenu when given minimal valid props contains as many link as were provided","location":null,"status":"passed","title":"contains as many link as were provided"},{"ancestorTitles":["NavigationMenu","when given minimal valid props"],"failureMessages":[],"fullName":"NavigationMenu when given minimal valid props contains the link text provided","location":null,"status":"passed","title":"contains the link text provided"},{"ancestorTitles":["NavigationMenu","when given all valid props"],"failureMessages":[],"fullName":"NavigationMenu when given all valid props renders","location":null,"status":"passed","title":"renders"},{"ancestorTitles":["NavigationMenu","when given all valid props"],"failureMessages":[],"fullName":"NavigationMenu when given all valid props contains as many link as were provided","location":null,"status":"passed","title":"contains as many link as were provided"},{"ancestorTitles":["NavigationMenu","when given all valid props"],"failureMessages":[],"fullName":"NavigationMenu when given all valid props contains the link text provided","location":null,"status":"passed","title":"contains the link text provided"}],"endTime":1622722203595,"message":"","name":"/home/dacm/Projects/NotGovUK/components/navigation-menu/spec/NavigationMenu.ts","startTime":1622722193576,"status":"passed","summary":""},{"assertionResults":[{"ancestorTitles":["Page","when given valid props"],"failureMessages":[],"fullName":"Page when given valid props renders","location":null,"status":"passed","title":"renders"},{"ancestorTitles":["Page","when given all valid props"],"failureMessages":[],"fullName":"Page when given all valid props renders","location":null,"status":"passed","title":"renders"},{"ancestorTitles":["Page","when given all valid props"],"failureMessages":[],"fullName":"Page when given all valid props contains the breadcrumbs","location":null,"status":"passed","title":"contains the breadcrumbs"},{"ancestorTitles":["Page","when given all valid props"],"failureMessages":[],"fullName":"Page when given all valid props contains the footer content","location":null,"status":"passed","title":"contains the footer content"},{"ancestorTitles":["Page","when given all valid props"],"failureMessages":[],"fullName":"Page when given all valid props contains the footer navigation","location":null,"status":"passed","title":"contains the footer navigation"},{"ancestorTitles":["Page","when given all valid props"],"failureMessages":[],"fullName":"Page when given all valid props is GOV.UK branded","location":null,"status":"passed","title":"is GOV.UK branded"},{"ancestorTitles":["Page","when given all valid props"],"failureMessages":[],"fullName":"Page when given all valid props contains the meta navigation","location":null,"status":"passed","title":"contains the meta navigation"},{"ancestorTitles":["Page","when given all valid props"],"failureMessages":[],"fullName":"Page when given all valid props contains the meta title","location":null,"status":"passed","title":"contains the meta title"},{"ancestorTitles":["Page","when given all valid props"],"failureMessages":[],"fullName":"Page when given all valid props contains the organisation text","location":null,"status":"passed","title":"contains the organisation text"},{"ancestorTitles":["Page","when given all valid props"],"failureMessages":[],"fullName":"Page when given all valid props contains the phase","location":null,"status":"passed","title":"contains the phase"},{"ancestorTitles":["Page","when given all valid props"],"failureMessages":[],"fullName":"Page when given all valid props contains the phase banner content","location":null,"status":"passed","title":"contains the phase banner content"},{"ancestorTitles":["Page","when given all valid props"],"failureMessages":[],"fullName":"Page when given all valid props contains the service name","location":null,"status":"passed","title":"contains the service name"},{"ancestorTitles":["Page","when given all valid props"],"failureMessages":[],"fullName":"Page when given all valid props contains the navigation links","location":null,"status":"passed","title":"contains the navigation links"},{"ancestorTitles":["Page","when given all valid props"],"failureMessages":[],"fullName":"Page when given all valid props contains the sign-out link","location":null,"status":"passed","title":"contains the sign-out link"},{"ancestorTitles":["Page","when given all valid props"],"failureMessages":[],"fullName":"Page when given all valid props includes the children provided","location":null,"status":"passed","title":"includes the children provided"}],"endTime":1622722204012,"message":"","name":"/home/dacm/Projects/NotGovUK/components/page/spec/Page.ts","startTime":1622722193543,"status":"passed","summary":""},{"assertionResults":[{"ancestorTitles":["WarningText","when given valid props"],"failureMessages":[],"fullName":"WarningText when given valid props renders","location":null,"status":"passed","title":"renders"}],"endTime":1622722204079,"message":"","name":"/home/dacm/Projects/NotGovUK/components/warning-text/spec/WarningText.ts","startTime":1622722202319,"status":"passed","summary":""},{"assertionResults":[{"ancestorTitles":["InsetText","when given valid props"],"failureMessages":[],"fullName":"InsetText when given valid props renders","location":null,"status":"passed","title":"renders"}],"endTime":1622722204197,"message":"","name":"/home/dacm/Projects/NotGovUK/components/inset-text/spec/InsetText.ts","startTime":1622722202449,"status":"passed","summary":""},{"assertionResults":[{"ancestorTitles":["Aside","when given valid props"],"failureMessages":[],"fullName":"Aside when given valid props renders","location":null,"status":"passed","title":"renders"},{"ancestorTitles":["Aside","when given valid props"],"failureMessages":[],"fullName":"Aside when given valid props contains the children","location":null,"status":"passed","title":"contains the children"}],"endTime":1622722204259,"message":"","name":"/home/dacm/Projects/NotGovUK/components/aside/spec/Aside.ts","startTime":1622722202108,"status":"passed","summary":""},{"assertionResults":[{"ancestorTitles":["Panel","when given valid props"],"failureMessages":[],"fullName":"Panel when given valid props renders","location":null,"status":"passed","title":"renders"}],"endTime":1622722204403,"message":"","name":"/home/dacm/Projects/NotGovUK/components/panel/spec/Panel.ts","startTime":1622722202408,"status":"passed","summary":""},{"assertionResults":[{"ancestorTitles":["Link","when given valid props"],"failureMessages":[],"fullName":"Link when given valid props renders","location":null,"status":"passed","title":"renders"}],"endTime":1622722204614,"message":"","name":"/home/dacm/Projects/NotGovUK/components/link/spec/Link.ts","startTime":1622722202532,"status":"passed","summary":""},{"assertionResults":[{"ancestorTitles":["NotGovUKPage","when given valid props"],"failureMessages":[],"fullName":"NotGovUKPage when given valid props renders","location":null,"status":"passed","title":"renders"},{"ancestorTitles":["NotGovUKPage","when given valid props"],"failureMessages":[],"fullName":"NotGovUKPage when given valid props is NOT GOV.UK branded","location":null,"status":"passed","title":"is NOT GOV.UK branded"}],"endTime":1622722204857,"message":"","name":"/home/dacm/Projects/NotGovUK/components/page/spec/NotGovUKPage.ts","startTime":1622722201863,"status":"passed","summary":""},{"assertionResults":[{"ancestorTitles":["GovUKPage","when given valid props"],"failureMessages":[],"fullName":"GovUKPage when given valid props renders","location":null,"status":"passed","title":"renders"},{"ancestorTitles":["GovUKPage","when given valid props"],"failureMessages":[],"fullName":"GovUKPage when given valid props is GOV.UK branded","location":null,"status":"passed","title":"is GOV.UK branded"}],"endTime":1622722205014,"message":"","name":"/home/dacm/Projects/NotGovUK/components/page/spec/GovUKPage.ts","startTime":1622722202132,"status":"passed","summary":""},{"assertionResults":[{"ancestorTitles":["Form","when given valid props"],"failureMessages":[],"fullName":"Form when given valid props renders","location":null,"status":"passed","title":"renders"}],"endTime":1622722206419,"message":"","name":"/home/dacm/Projects/NotGovUK/components/form/spec/Form.ts","startTime":1622722202334,"status":"passed","summary":""}],"wasInterrupted":false,"coverageMap":{}}