{"numFailedTestSuites":0,"numFailedTests":0,"numPassedTestSuites":14,"numPassedTests":46,"numPendingTestSuites":0,"numPendingTests":1,"numRuntimeErrorTestSuites":0,"numTodoTests":0,"numTotalTestSuites":14,"numTotalTests":47,"openHandles":[],"snapshot":{"added":0,"didUpdate":false,"failure":false,"filesAdded":0,"filesRemoved":0,"filesRemovedList":[],"filesUnmatched":0,"filesUpdated":0,"matched":0,"total":0,"unchecked":0,"uncheckedKeysByFile":[],"unmatched":0,"updated":0},"startTime":1608590371081,"success":true,"testResults":[{"assertionResults":[{"ancestorTitles":["WidthContainer","when given valid props"],"failureMessages":[],"fullName":"WidthContainer when given valid props renders","location":null,"status":"passed","title":"renders"},{"ancestorTitles":["WidthContainer","when given a maximum width"],"failureMessages":[],"fullName":"WidthContainer when given a maximum width renders","location":null,"status":"passed","title":"renders"},{"ancestorTitles":["WidthContainer","when given a maximum width of -1"],"failureMessages":[],"fullName":"WidthContainer when given a maximum width of -1 renders","location":null,"status":"passed","title":"renders"}],"endTime":1608590380046,"message":"","name":"/home/dacm/Projects/NotGovUK/components/width-container/spec/WidthContainer.ts","startTime":1608590373802,"status":"passed","summary":""},{"assertionResults":[{"ancestorTitles":["Tag","when given valid props"],"failureMessages":[],"fullName":"Tag when given valid props renders","location":null,"status":"passed","title":"renders"},{"ancestorTitles":["Tag","when given a text property"],"failureMessages":[],"fullName":"Tag when given a text property contains the text provided","location":null,"status":"passed","title":"contains the text provided"},{"ancestorTitles":["Tag","when given a child"],"failureMessages":[],"fullName":"Tag when given a child contains the child provided","location":null,"status":"passed","title":"contains the child provided"}],"endTime":1608590380094,"message":"","name":"/home/dacm/Projects/NotGovUK/components/tag/spec/Tag.ts","startTime":1608590373964,"status":"passed","summary":""},{"assertionResults":[{"ancestorTitles":["UserInfo","when given valid props"],"failureMessages":[],"fullName":"UserInfo when given valid props renders","location":null,"status":"passed","title":"renders"},{"ancestorTitles":["UserInfo","when given valid props"],"failureMessages":[],"fullName":"UserInfo when given valid props provides the username","location":null,"status":"passed","title":"provides the username"},{"ancestorTitles":["UserInfo","when given valid props"],"failureMessages":[],"fullName":"UserInfo when given valid props provides the groups","location":null,"status":"passed","title":"provides the groups"},{"ancestorTitles":["UserInfo","when given valid props"],"failureMessages":[],"fullName":"UserInfo when given valid props provides the roles","location":null,"status":"passed","title":"provides the roles"}],"endTime":1608590380102,"message":"","name":"/home/dacm/Projects/NotGovUK/lib/user-info/spec/UserInfo.ts","startTime":1608590373679,"status":"passed","summary":""},{"assertionResults":[{"ancestorTitles":["SkipLink","when given minimal valid props"],"failureMessages":[],"fullName":"SkipLink when given minimal valid props renders","location":null,"status":"passed","title":"renders"},{"ancestorTitles":["SkipLink","when given minimal valid props"],"failureMessages":[],"fullName":"SkipLink when given minimal valid props contains a link","location":null,"status":"passed","title":"contains a link"},{"ancestorTitles":["SkipLink","when given minimal valid props"],"failureMessages":[],"fullName":"SkipLink when given minimal valid props contains a link to the content","location":null,"status":"passed","title":"contains a link to the content"},{"ancestorTitles":["SkipLink","when given all valid props"],"failureMessages":[],"fullName":"SkipLink when given all valid props renders","location":null,"status":"passed","title":"renders"},{"ancestorTitles":["SkipLink","when given all valid props"],"failureMessages":[],"fullName":"SkipLink when given all valid props contains a link","location":null,"status":"passed","title":"contains a link"},{"ancestorTitles":["SkipLink","when given all valid props"],"failureMessages":[],"fullName":"SkipLink when given all valid props contains a link to the content","location":null,"status":"passed","title":"contains a link to the content"},{"ancestorTitles":["SkipLink","when given all valid props"],"failureMessages":[],"fullName":"SkipLink when given all valid props contains the children","location":null,"status":"passed","title":"contains the children"}],"endTime":1608590380147,"message":"","name":"/home/dacm/Projects/NotGovUK/components/skip-link/spec/SkipLink.ts","startTime":1608590373971,"status":"passed","summary":""},{"assertionResults":[{"ancestorTitles":["InsetText","when given valid props"],"failureMessages":[],"fullName":"InsetText when given valid props renders","location":null,"status":"passed","title":"renders"}],"endTime":1608590380187,"message":"","name":"/home/dacm/Projects/NotGovUK/components/inset-text/spec/InsetText.ts","startTime":1608590373926,"status":"passed","summary":""},{"assertionResults":[{"ancestorTitles":["Panel","when given valid props"],"failureMessages":[],"fullName":"Panel when given valid props renders","location":null,"status":"passed","title":"renders"}],"endTime":1608590380235,"message":"","name":"/home/dacm/Projects/NotGovUK/components/panel/spec/Panel.ts","startTime":1608590373858,"status":"passed","summary":""},{"assertionResults":[{"ancestorTitles":["BackLink","when given a href","and a text property"],"failureMessages":[],"fullName":"BackLink when given a href and a text property is a link","location":null,"status":"passed","title":"is a link"},{"ancestorTitles":["BackLink","when given a href","and a text property"],"failureMessages":[],"fullName":"BackLink when given a href and a text property is a link with the text provided","location":null,"status":"passed","title":"is a link with the text provided"},{"ancestorTitles":["BackLink","when given a href","and a text property"],"failureMessages":[],"fullName":"BackLink when given a href and a text property links to the href provided","location":null,"status":"passed","title":"links to the href provided"},{"ancestorTitles":["BackLink","when given a href","but NOT a text property"],"failureMessages":[],"fullName":"BackLink when given a href but NOT a text property is a link","location":null,"status":"passed","title":"is a link"},{"ancestorTitles":["BackLink","when given a href","but NOT a text property"],"failureMessages":[],"fullName":"BackLink when given a href but NOT a text property is a link with the text 'Back'","location":null,"status":"passed","title":"is a link with the text 'Back'"},{"ancestorTitles":["BackLink","when given a href","but NOT a text property"],"failureMessages":[],"fullName":"BackLink when given a href but NOT a text property links to the href provided","location":null,"status":"passed","title":"links to the href provided"},{"ancestorTitles":["BackLink","when NOT given a href"],"failureMessages":[],"fullName":"BackLink when NOT given a href is a link","location":null,"status":"passed","title":"is a link"},{"ancestorTitles":["BackLink","when NOT given a href"],"failureMessages":[],"fullName":"BackLink when NOT given a href is a link with the text 'Back'","location":null,"status":"passed","title":"is a link with the text 'Back'"},{"ancestorTitles":["BackLink","when NOT given a href","when clicked"],"failureMessages":[],"fullName":"BackLink when NOT given a href when clicked takes a step back in the history","location":null,"status":"pending","title":"takes a step back in the history"}],"endTime":1608590380495,"message":"","name":"/home/dacm/Projects/NotGovUK/components/back-link/spec/BackLink.ts","startTime":1608590374330,"status":"passed","summary":""},{"assertionResults":[{"ancestorTitles":["Footer","when given valid props"],"failureMessages":[],"fullName":"Footer when given valid props renders","location":null,"status":"passed","title":"renders"},{"ancestorTitles":["Footer","when given all valid props"],"failureMessages":[],"fullName":"Footer when given all valid props renders","location":null,"status":"passed","title":"renders"}],"endTime":1608590380570,"message":"","name":"/home/dacm/Projects/NotGovUK/components/footer/spec/Footer.ts","startTime":1608590373758,"status":"passed","summary":""},{"assertionResults":[{"ancestorTitles":["Link","when given valid props"],"failureMessages":[],"fullName":"Link when given valid props renders","location":null,"status":"passed","title":"renders"}],"endTime":1608590380656,"message":"","name":"/home/dacm/Projects/NotGovUK/components/link/spec/Link.ts","startTime":1608590373985,"status":"passed","summary":""},{"assertionResults":[{"ancestorTitles":["WarningText","when given valid props"],"failureMessages":[],"fullName":"WarningText when given valid props renders","location":null,"status":"passed","title":"renders"}],"endTime":1608590380659,"message":"","name":"/home/dacm/Projects/NotGovUK/components/warning-text/spec/WarningText.ts","startTime":1608590374716,"status":"passed","summary":""},{"assertionResults":[{"ancestorTitles":["Header","when given valid props"],"failureMessages":[],"fullName":"Header when given valid props renders","location":null,"status":"passed","title":"renders"},{"ancestorTitles":["Header","when given valid props"],"failureMessages":[],"fullName":"Header when given valid props is NOT GOV.UK branded","location":null,"status":"passed","title":"is NOT GOV.UK branded"},{"ancestorTitles":["Header","when given valid props"],"failureMessages":[],"fullName":"Header when given valid props does NOT contain the sign-out link","location":null,"status":"passed","title":"does NOT contain the sign-out link"},{"ancestorTitles":["Header","when given all valid props"],"failureMessages":[],"fullName":"Header when given all valid props renders","location":null,"status":"passed","title":"renders"},{"ancestorTitles":["Header","when given all valid props"],"failureMessages":[],"fullName":"Header when given all valid props is GOV.UK branded","location":null,"status":"passed","title":"is GOV.UK branded"},{"ancestorTitles":["Header","when given all valid props"],"failureMessages":[],"fullName":"Header when given all valid props contains the service name","location":null,"status":"passed","title":"contains the service name"},{"ancestorTitles":["Header","when given all valid props"],"failureMessages":[],"fullName":"Header when given all valid props contains the navigation links","location":null,"status":"passed","title":"contains the navigation links"},{"ancestorTitles":["Header","when given all valid props"],"failureMessages":[],"fullName":"Header when given all valid props contains the sign-out link","location":null,"status":"passed","title":"contains the sign-out link"}],"endTime":1608590380767,"message":"","name":"/home/dacm/Projects/NotGovUK/components/header/spec/Header.ts","startTime":1608590373907,"status":"passed","summary":""},{"assertionResults":[{"ancestorTitles":["Breadcrumbs","when given valid props"],"failureMessages":[],"fullName":"Breadcrumbs when given valid props renders","location":null,"status":"passed","title":"renders"},{"ancestorTitles":["Breadcrumbs","when given valid props"],"failureMessages":[],"fullName":"Breadcrumbs when given valid props contains the same number of items as were given to it","location":null,"status":"passed","title":"contains the same number of items as were given to it"},{"ancestorTitles":["Breadcrumbs","when given valid props"],"failureMessages":[],"fullName":"Breadcrumbs when given valid props represents all the items as links","location":null,"status":"passed","title":"represents all the items as links"},{"ancestorTitles":["Breadcrumbs","when given valid props"],"failureMessages":[],"fullName":"Breadcrumbs when given valid props contains the text of the items","location":null,"status":"passed","title":"contains the text of the items"},{"ancestorTitles":["Breadcrumbs","when given valid props"],"failureMessages":[],"fullName":"Breadcrumbs when given valid props links to the hrefs in the items","location":null,"status":"passed","title":"links to the hrefs in the items"}],"endTime":1608590380824,"message":"","name":"/home/dacm/Projects/NotGovUK/components/breadcrumbs/spec/Breadcrumbs.ts","startTime":1608590374003,"status":"passed","summary":""},{"assertionResults":[{"ancestorTitles":["Table","when given valid props"],"failureMessages":[],"fullName":"Table when given valid props renders","location":null,"status":"passed","title":"renders"}],"endTime":1608590380824,"message":"","name":"/home/dacm/Projects/NotGovUK/components/table/spec/Table.ts","startTime":1608590374324,"status":"passed","summary":""},{"assertionResults":[{"ancestorTitles":["Form","when given valid props"],"failureMessages":[],"fullName":"Form when given valid props renders","location":null,"status":"passed","title":"renders"}],"endTime":1608590381898,"message":"","name":"/home/dacm/Projects/NotGovUK/components/form/spec/Form.ts","startTime":1608590373767,"status":"passed","summary":""}],"wasInterrupted":false,"coverageMap":{}}