{"numFailedTestSuites":0,"numFailedTests":0,"numPassedTestSuites":13,"numPassedTests":55,"numPendingTestSuites":1,"numPendingTests":5,"numRuntimeErrorTestSuites":0,"numTodoTests":0,"numTotalTestSuites":14,"numTotalTests":60,"openHandles":[],"snapshot":{"added":0,"didUpdate":false,"failure":false,"filesAdded":0,"filesRemoved":0,"filesRemovedList":[],"filesUnmatched":0,"filesUpdated":0,"matched":10,"total":10,"unchecked":0,"uncheckedKeysByFile":[],"unmatched":0,"updated":0},"startTime":1584379791351,"success":true,"testResults":[{"assertionResults":[{"ancestorTitles":["Breadcrumbs","when given a list of items"],"failureMessages":[],"fullName":"Breadcrumbs when given a list of items contains the same number of items as were given to it","location":null,"status":"passed","title":"contains the same number of items as were given to it"},{"ancestorTitles":["Breadcrumbs","when given a list of items"],"failureMessages":[],"fullName":"Breadcrumbs when given a list of items represents all but one of the items as links","location":null,"status":"passed","title":"represents all but one of the items as links"},{"ancestorTitles":["Breadcrumbs","when given a list of items"],"failureMessages":[],"fullName":"Breadcrumbs when given a list of items contains the text of the items","location":null,"status":"pending","title":"contains the text of the items"},{"ancestorTitles":["Breadcrumbs","when given a list of items"],"failureMessages":[],"fullName":"Breadcrumbs when given a list of items links to the hrefs in the items","location":null,"status":"passed","title":"links to the hrefs in the items"}],"endTime":1584379795440,"message":"","name":"/home/dacm/Projects/NotGovUK/packages/components/src/lib/components/breadcrumbs/index.spec.ts","startTime":1584379792605,"status":"passed","summary":""},{"assertionResults":[{"ancestorTitles":["Button","when given a href"],"failureMessages":[],"fullName":"Button when given a href is an anchor","location":null,"status":"passed","title":"is an anchor"},{"ancestorTitles":["Button","when given a href"],"failureMessages":[],"fullName":"Button when given a href contains the expected text","location":null,"status":"passed","title":"contains the expected text"},{"ancestorTitles":["Button","when not given a href","and given an onClick prop"],"failureMessages":[],"fullName":"Button when not given a href and given an onClick prop is an input[type=button]","location":null,"status":"passed","title":"is an input[type=button]"},{"ancestorTitles":["Button","when not given a href","and given an onClick prop"],"failureMessages":[],"fullName":"Button when not given a href and given an onClick prop contains the expected text","location":null,"status":"passed","title":"contains the expected text"},{"ancestorTitles":["Button","when not given a href","and given an onClick prop","when clicked"],"failureMessages":[],"fullName":"Button when not given a href and given an onClick prop when clicked calls the onClick prop","location":null,"status":"passed","title":"calls the onClick prop"}],"endTime":1584379795491,"message":"","name":"/home/dacm/Projects/NotGovUK/packages/components/src/lib/components/button/index.spec.ts","startTime":1584379792603,"status":"passed","summary":""},{"assertionResults":[{"ancestorTitles":["Header","when given nothing"],"failureMessages":[],"fullName":"Header when given nothing is a header","location":null,"status":"passed","title":"is a header"},{"ancestorTitles":["Header","when given nothing"],"failureMessages":[],"fullName":"Header when given nothing with a logo link","location":null,"status":"passed","title":"with a logo link"},{"ancestorTitles":["Header","when given nothing"],"failureMessages":[],"fullName":"Header when given nothing that links to GovUK","location":null,"status":"passed","title":"that links to GovUK"},{"ancestorTitles":["Header","when given a logoHref"],"failureMessages":[],"fullName":"Header when given a logoHref is a header","location":null,"status":"passed","title":"is a header"},{"ancestorTitles":["Header","when given a logoHref"],"failureMessages":[],"fullName":"Header when given a logoHref with a logo link","location":null,"status":"passed","title":"with a logo link"},{"ancestorTitles":["Header","when given a logoHref"],"failureMessages":[],"fullName":"Header when given a logoHref that links to the location provided","location":null,"status":"passed","title":"that links to the location provided"},{"ancestorTitles":["Header","when given a title and titleHref"],"failureMessages":[],"fullName":"Header when given a title and titleHref is a header","location":null,"status":"passed","title":"is a header"},{"ancestorTitles":["Header","when given a title and titleHref"],"failureMessages":[],"fullName":"Header when given a title and titleHref contains a service title link","location":null,"status":"passed","title":"contains a service title link"},{"ancestorTitles":["Header","when given a title and titleHref"],"failureMessages":[],"fullName":"Header when given a title and titleHref that links to the HRef","location":null,"status":"passed","title":"that links to the HRef"},{"ancestorTitles":["Header","when given a title and titleHref"],"failureMessages":[],"fullName":"Header when given a title and titleHref with the text provided","location":null,"status":"passed","title":"with the text provided"},{"ancestorTitles":["Header","when given a list of navigation links"],"failureMessages":[],"fullName":"Header when given a list of navigation links contains the same number of navigation links as were given to it","location":null,"status":"passed","title":"contains the same number of navigation links as were given to it"},{"ancestorTitles":["Header","when given a list of navigation links"],"failureMessages":[],"fullName":"Header when given a list of navigation links contains the text of the items","location":null,"status":"pending","title":"contains the text of the items"},{"ancestorTitles":["Header","when given a list of navigation links"],"failureMessages":[],"fullName":"Header when given a list of navigation links links to the hrefs in the items","location":null,"status":"passed","title":"links to the hrefs in the items"}],"endTime":1584379795565,"message":"","name":"/home/dacm/Projects/NotGovUK/packages/components/src/lib/components/header/index.spec.ts","startTime":1584379792594,"status":"passed","summary":""},{"assertionResults":[{"ancestorTitles":["BackLink","when given a href","and a text property"],"failureMessages":[],"fullName":"BackLink when given a href and a text property is a link","location":null,"status":"passed","title":"is a link"},{"ancestorTitles":["BackLink","when given a href","and a text property"],"failureMessages":[],"fullName":"BackLink when given a href and a text property is a link with the text provided","location":null,"status":"passed","title":"is a link with the text provided"},{"ancestorTitles":["BackLink","when given a href","and a text property"],"failureMessages":[],"fullName":"BackLink when given a href and a text property links to the href provided","location":null,"status":"passed","title":"links to the href provided"},{"ancestorTitles":["BackLink","when given a href","but NOT a text property"],"failureMessages":[],"fullName":"BackLink when given a href but NOT a text property is a link","location":null,"status":"passed","title":"is a link"},{"ancestorTitles":["BackLink","when given a href","but NOT a text property"],"failureMessages":[],"fullName":"BackLink when given a href but NOT a text property is a link with the text 'Back'","location":null,"status":"passed","title":"is a link with the text 'Back'"},{"ancestorTitles":["BackLink","when given a href","but NOT a text property"],"failureMessages":[],"fullName":"BackLink when given a href but NOT a text property links to the href provided","location":null,"status":"passed","title":"links to the href provided"},{"ancestorTitles":["BackLink","when NOT given a href"],"failureMessages":[],"fullName":"BackLink when NOT given a href is a link","location":null,"status":"passed","title":"is a link"},{"ancestorTitles":["BackLink","when NOT given a href"],"failureMessages":[],"fullName":"BackLink when NOT given a href is a link with the text 'Back'","location":null,"status":"passed","title":"is a link with the text 'Back'"},{"ancestorTitles":["BackLink","when NOT given a href","when clicked"],"failureMessages":[],"fullName":"BackLink when NOT given a href when clicked takes a step back in the history","location":null,"status":"pending","title":"takes a step back in the history"}],"endTime":1584379795591,"message":"","name":"/home/dacm/Projects/NotGovUK/packages/components/src/lib/components/back-link/index.spec.ts","startTime":1584379792593,"status":"passed","summary":""},{"assertionResults":[{"ancestorTitles":["PhaseBanner","when given a phase property and children"],"failureMessages":[],"fullName":"PhaseBanner when given a phase property and children contains a Tag","location":null,"status":"passed","title":"contains a Tag"},{"ancestorTitles":["PhaseBanner","when given a phase property and children"],"failureMessages":[],"fullName":"PhaseBanner when given a phase property and children contains the children provided","location":null,"status":"passed","title":"contains the children provided"}],"endTime":1584379796554,"message":"","name":"/home/dacm/Projects/NotGovUK/packages/components/src/lib/components/phase-banner/index.spec.ts","startTime":1584379795673,"status":"passed","summary":""},{"assertionResults":[{"ancestorTitles":["Footer","when given children"],"failureMessages":[],"fullName":"Footer when given children is a footer","location":null,"status":"passed","title":"is a footer"},{"ancestorTitles":["Footer","when given children"],"failureMessages":[],"fullName":"Footer when given children includes the children provided","location":null,"status":"pending","title":"includes the children provided"}],"endTime":1584379796566,"message":"","name":"/home/dacm/Projects/NotGovUK/packages/components/src/lib/components/footer/index.spec.ts","startTime":1584379795696,"status":"passed","summary":""},{"assertionResults":[{"ancestorTitles":["Page","when given children"],"failureMessages":[],"fullName":"Page when given children includes the children provided","location":null,"status":"passed","title":"includes the children provided"}],"endTime":1584379796690,"message":"","name":"/home/dacm/Projects/NotGovUK/packages/components/src/lib/components/page/index.spec.ts","startTime":1584379795749,"status":"passed","summary":""},{"assertionResults":[{"ancestorTitles":["Anchor","when given a href with a relative URL"],"failureMessages":[],"fullName":"Anchor when given a href with a relative URL is a Link","location":null,"status":"passed","title":"is a Link"},{"ancestorTitles":["Anchor","when given a href with a relative URL"],"failureMessages":[],"fullName":"Anchor when given a href with a relative URL is a link to the HRef provided","location":null,"status":"passed","title":"is a link to the HRef provided"},{"ancestorTitles":["Anchor","when given a href with an absolute URL"],"failureMessages":[],"fullName":"Anchor when given a href with an absolute URL is an anchor","location":null,"status":"passed","title":"is an anchor"},{"ancestorTitles":["Anchor","when given a href with an absolute URL"],"failureMessages":[],"fullName":"Anchor when given a href with an absolute URL is an anchor to the HRef provided","location":null,"status":"passed","title":"is an anchor to the HRef provided"}],"endTime":1584379797152,"message":"","name":"/home/dacm/Projects/NotGovUK/packages/components/src/lib/components/anchor/index.spec.ts","startTime":1584379796631,"status":"passed","summary":""},{"assertionResults":[{"ancestorTitles":["Details","when given a summary and children"],"failureMessages":[],"fullName":"Details when given a summary and children includes a summary","location":null,"status":"passed","title":"includes a summary"},{"ancestorTitles":["Details","when given a summary and children"],"failureMessages":[],"fullName":"Details when given a summary and children includes a summary with the text provided","location":null,"status":"passed","title":"includes a summary with the text provided"},{"ancestorTitles":["Details","when given a summary and children"],"failureMessages":[],"fullName":"Details when given a summary and children includes the children provided","location":null,"status":"passed","title":"includes the children provided"}],"endTime":1584379797201,"message":"","name":"/home/dacm/Projects/NotGovUK/packages/components/src/lib/components/details/index.spec.ts","startTime":1584379796640,"status":"passed","summary":""},{"assertionResults":[{"ancestorTitles":["SkipLink","when given a href and a text property"],"failureMessages":[],"fullName":"SkipLink when given a href and a text property is a link","location":null,"status":"passed","title":"is a link"},{"ancestorTitles":["SkipLink","when given a href and a text property"],"failureMessages":[],"fullName":"SkipLink when given a href and a text property is a link with the text provided","location":null,"status":"passed","title":"is a link with the text provided"},{"ancestorTitles":["SkipLink","when given a href and a text property"],"failureMessages":[],"fullName":"SkipLink when given a href and a text property links to the href provided","location":null,"status":"passed","title":"links to the href provided"}],"endTime":1584379797258,"message":"","name":"/home/dacm/Projects/NotGovUK/packages/components/src/lib/components/skip-link/index.spec.ts","startTime":1584379796770,"status":"passed","summary":""},{"assertionResults":[{"ancestorTitles":["Tag","when given a text property"],"failureMessages":[],"fullName":"Tag when given a text property contains the text provided","location":null,"status":"passed","title":"contains the text provided"}],"endTime":1584379797663,"message":"","name":"/home/dacm/Projects/NotGovUK/packages/components/src/lib/components/tag/index.spec.ts","startTime":1584379797171,"status":"passed","summary":""},{"assertionResults":[{"ancestorTitles":["PageFooter","when given children"],"failureMessages":[],"fullName":"PageFooter when given children is a footer","location":null,"status":"passed","title":"is a footer"},{"ancestorTitles":["PageFooter","when given children"],"failureMessages":[],"fullName":"PageFooter when given children includes the children provided","location":null,"status":"passed","title":"includes the children provided"}],"endTime":1584379797697,"message":"","name":"/home/dacm/Projects/NotGovUK/packages/components/src/lib/components/page-footer/index.spec.ts","startTime":1584379797221,"status":"passed","summary":""},{"assertionResults":[{"ancestorTitles":["Site","when given children"],"failureMessages":[],"fullName":"Site when given children includes the children provided","location":null,"status":"pending","title":"includes the children provided"}],"endTime":1584379797873,"message":"","name":"/home/dacm/Projects/NotGovUK/packages/components/src/lib/components/site/index.spec.ts","startTime":1584379797277,"status":"passed","summary":""},{"assertionResults":[{"ancestorTitles":["Storyshots","Components/ButtonOLD"],"failureMessages":[],"fullName":"Storyshots Components/ButtonOLD Button","location":null,"status":"passed","title":"Button"},{"ancestorTitles":["Storyshots","Components/ButtonOLD"],"failureMessages":[],"fullName":"Storyshots Components/ButtonOLD Standard","location":null,"status":"passed","title":"Standard"},{"ancestorTitles":["Storyshots","Components/ButtonOLD"],"failureMessages":[],"fullName":"Storyshots Components/ButtonOLD Submit","location":null,"status":"passed","title":"Submit"},{"ancestorTitles":["Storyshots","Components/ButtonOLD"],"failureMessages":[],"fullName":"Storyshots Components/ButtonOLD Secondary","location":null,"status":"passed","title":"Secondary"},{"ancestorTitles":["Storyshots","Components/ButtonOLD"],"failureMessages":[],"fullName":"Storyshots Components/ButtonOLD Warning","location":null,"status":"passed","title":"Warning"},{"ancestorTitles":["Storyshots","Components/ButtonOLD"],"failureMessages":[],"fullName":"Storyshots Components/ButtonOLD Disabled","location":null,"status":"passed","title":"Disabled"},{"ancestorTitles":["Storyshots","Components/ButtonOLD"],"failureMessages":[],"fullName":"Storyshots Components/ButtonOLD Disabled Submit","location":null,"status":"passed","title":"Disabled Submit"},{"ancestorTitles":["Storyshots","Components/ButtonOLD"],"failureMessages":[],"fullName":"Storyshots Components/ButtonOLD Disabled Warning","location":null,"status":"passed","title":"Disabled Warning"},{"ancestorTitles":["Storyshots","Components/ButtonOLD"],"failureMessages":[],"fullName":"Storyshots Components/ButtonOLD Link","location":null,"status":"passed","title":"Link"},{"ancestorTitles":["Storyshots","Components/ButtonOLD"],"failureMessages":[],"fullName":"Storyshots Components/ButtonOLD Start","location":null,"status":"passed","title":"Start"}],"endTime":1584379799054,"message":"","name":"/home/dacm/Projects/NotGovUK/packages/components/src/lib/storyshots.test.ts","startTime":1584379795638,"status":"passed","summary":""}],"wasInterrupted":false,"coverageMap":{"/home/dacm/Projects/NotGovUK/packages/components/src/test-helpers.ts":{"path":"/home/dacm/Projects/NotGovUK/packages/components/src/test-helpers.ts","statementMap":{"0":{"start":{"line":5,"column":17},"end":{"line":5,"column":30}},"1":{"start":{"line":7,"column":21},"end":{"line":13,"column":1}},"2":{"start":{"line":7,"column":51},"end":{"line":13,"column":1}},"3":{"start":{"line":15,"column":23},"end":{"line":15,"column":38}}},"fnMap":{"0":{"name":"(anonymous_0)","decl":{"start":{"line":7,"column":21},"end":{"line":7,"column":22}},"loc":{"start":{"line":7,"column":51},"end":{"line":13,"column":1}},"line":7}},"branchMap":{"0":{"loc":{"start":{"line":8,"column":18},"end":{"line":12,"column":3}},"type":"binary-expr","locations":[{"start":{"line":8,"column":18},"end":{"line":8,"column":19}},{"start":{"line":8,"column":23},"end":{"line":12,"column":3}}],"line":8}},"s":{"0":14,"1":14,"2":4,"3":14},"f":{"0":4},"b":{"0":[4,4]},"_coverageSchema":"43e27e138ebf9cfc5966b082cf9a028302ed4184","hash":"77b7d110bec15b36455d58d7ec5863cc272a5a6d"},"/home/dacm/Projects/NotGovUK/packages/components/src/lib/components/breadcrumbs/index.tsx":{"path":"/home/dacm/Projects/NotGovUK/packages/components/src/lib/components/breadcrumbs/index.tsx","statementMap":{"0":{"start":{"line":23,"column":57},"end":{"line":41,"column":1}},"1":{"start":{"line":24,"column":18},"end":{"line":24,"column":65}},"2":{"start":{"line":25,"column":12},"end":{"line":25,"column":34}},"3":{"start":{"line":26,"column":18},"end":{"line":26,"column":32}},"4":{"start":{"line":27,"column":19},"end":{"line":27,"column":42}},"5":{"start":{"line":29,"column":2},"end":{"line":40,"column":11}},"6":{"start":{"line":33,"column":10},"end":{"line":35,"column":15}},"7":{"start":{"line":43,"column":0},"end":{"line":46,"column":2}}},"fnMap":{"0":{"name":"(anonymous_0)","decl":{"start":{"line":23,"column":57},"end":{"line":23,"column":58}},"loc":{"start":{"line":23,"column":66},"end":{"line":41,"column":1}},"line":23},"1":{"name":"(anonymous_1)","decl":{"start":{"line":32,"column":22},"end":{"line":32,"column":23}},"loc":{"start":{"line":33,"column":10},"end":{"line":35,"column":15}},"line":33}},"branchMap":{"0":{"loc":{"start":{"line":29,"column":9},"end":{"line":40,"column":10}},"type":"cond-expr","locations":[{"start":{"line":30,"column":4},"end":{"line":39,"column":10}},{"start":{"line":40,"column":6},"end":{"line":40,"column":10}}],"line":29}},"s":{"0":9,"1":1,"2":1,"3":1,"4":1,"5":1,"6":2,"7":9},"f":{"0":1,"1":2},"b":{"0":[1,0]},"_coverageSchema":"43e27e138ebf9cfc5966b082cf9a028302ed4184","hash":"f289fa260614d959b7187bb5ac1d592819d6ad87"},"/home/dacm/Projects/NotGovUK/packages/components/src/lib/components/index.ts":{"path":"/home/dacm/Projects/NotGovUK/packages/components/src/lib/components/index.ts","statementMap":{},"fnMap":{},"branchMap":{},"s":{},"f":{},"b":{},"_coverageSchema":"43e27e138ebf9cfc5966b082cf9a028302ed4184","hash":"e4ba7975920ee5d3a87340582b0b02628859c9e8"},"/home/dacm/Projects/NotGovUK/packages/components/src/lib/components/anchor/index.tsx":{"path":"/home/dacm/Projects/NotGovUK/packages/components/src/lib/components/anchor/index.tsx","statementMap":{"0":{"start":{"line":24,"column":42},"end":{"line":48,"column":1}},"1":{"start":{"line":25,"column":14},"end":{"line":25,"column":34}},"2":{"start":{"line":27,"column":2},"end":{"line":47,"column":4}},"3":{"start":{"line":50,"column":0},"end":{"line":55,"column":2}},"4":{"start":{"line":57,"column":0},"end":{"line":57,"column":25}}},"fnMap":{"0":{"name":"(anonymous_0)","decl":{"start":{"line":24,"column":42},"end":{"line":24,"column":43}},"loc":{"start":{"line":24,"column":51},"end":{"line":48,"column":1}},"line":24}},"branchMap":{"0":{"loc":{"start":{"line":27,"column":9},"end":{"line":47,"column":3}},"type":"cond-expr","locations":[{"start":{"line":28,"column":4},"end":{"line":36,"column":8}},{"start":{"line":38,"column":4},"end":{"line":46,"column":14}}],"line":27},"1":{"loc":{"start":{"line":27,"column":10},"end":{"line":27,"column":41}},"type":"binary-expr","locations":[{"start":{"line":27,"column":10},"end":{"line":27,"column":29}},{"start":{"line":27,"column":33},"end":{"line":27,"column":41}}],"line":27}},"s":{"0":10,"1":9,"2":9,"3":10,"4":10},"f":{"0":9},"b":{"0":[4,5],"1":[9,9]},"_coverageSchema":"43e27e138ebf9cfc5966b082cf9a028302ed4184","hash":"9a06dc9ec56c4b39b947c419ebf2554659e3b211"},"/home/dacm/Projects/NotGovUK/packages/components/src/lib/request/index.ts":{"path":"/home/dacm/Projects/NotGovUK/packages/components/src/lib/request/index.ts","statementMap":{"0":{"start":{"line":5,"column":20},"end":{"line":12,"column":1}},"1":{"start":{"line":6,"column":19},"end":{"line":6,"column":35}},"2":{"start":{"line":8,"column":2},"end":{"line":11,"column":4}}},"fnMap":{"0":{"name":"(anonymous_0)","decl":{"start":{"line":5,"column":20},"end":{"line":5,"column":21}},"loc":{"start":{"line":5,"column":26},"end":{"line":12,"column":1}},"line":5}},"branchMap":{},"s":{"0":10,"1":0,"2":0},"f":{"0":0},"b":{},"_coverageSchema":"43e27e138ebf9cfc5966b082cf9a028302ed4184","hash":"8948569eeea7b8d38c6b4ee3eaa822aec9c3c871"},"/home/dacm/Projects/NotGovUK/packages/components/src/lib/request/query-string.ts":{"path":"/home/dacm/Projects/NotGovUK/packages/components/src/lib/request/query-string.ts","statementMap":{"0":{"start":{"line":3,"column":14},"end":{"line":3,"column":66}},"1":{"start":{"line":3,"column":19},"end":{"line":3,"column":66}}},"fnMap":{"0":{"name":"(anonymous_0)","decl":{"start":{"line":3,"column":14},"end":{"line":3,"column":15}},"loc":{"start":{"line":3,"column":19},"end":{"line":3,"column":66}},"line":3}},"branchMap":{"0":{"loc":{"start":{"line":3,"column":27},"end":{"line":3,"column":65}},"type":"binary-expr","locations":[{"start":{"line":3,"column":27},"end":{"line":3,"column":28}},{"start":{"line":3,"column":32},"end":{"line":3,"column":41}},{"start":{"line":3,"column":45},"end":{"line":3,"column":65}}],"line":3}},"s":{"0":10,"1":9},"f":{"0":9},"b":{"0":[9,0,0]},"_coverageSchema":"43e27e138ebf9cfc5966b082cf9a028302ed4184","hash":"17956fc26fda9f4632d6eacc252f7702aae124a6"},"/home/dacm/Projects/NotGovUK/packages/components/src/lib/request/url-parse.ts":{"path":"/home/dacm/Projects/NotGovUK/packages/components/src/lib/request/url-parse.ts","statementMap":{"0":{"start":{"line":4,"column":24},"end":{"line":11,"column":1}},"1":{"start":{"line":5,"column":12},"end":{"line":5,"column":33}},"2":{"start":{"line":6,"column":22},"end":{"line":6,"column":40}},"3":{"start":{"line":8,"column":2},"end":{"line":8,"column":46}},"4":{"start":{"line":8,"column":21},"end":{"line":8,"column":45}},"5":{"start":{"line":10,"column":2},"end":{"line":10,"column":11}}},"fnMap":{"0":{"name":"(anonymous_0)","decl":{"start":{"line":4,"column":24},"end":{"line":4,"column":25}},"loc":{"start":{"line":4,"column":29},"end":{"line":11,"column":1}},"line":4},"1":{"name":"(anonymous_1)","decl":{"start":{"line":8,"column":15},"end":{"line":8,"column":16}},"loc":{"start":{"line":8,"column":21},"end":{"line":8,"column":45}},"line":8}},"branchMap":{},"s":{"0":10,"1":9,"2":9,"3":9,"4":0,"5":9},"f":{"0":9,"1":0},"b":{},"_coverageSchema":"43e27e138ebf9cfc5966b082cf9a028302ed4184","hash":"c47f995becd6e1d6a756c68670984ea6659b1dd7"},"/home/dacm/Projects/NotGovUK/packages/components/src/lib/components/back-link/index.tsx":{"path":"/home/dacm/Projects/NotGovUK/packages/components/src/lib/components/back-link/index.tsx","statementMap":{"0":{"start":{"line":19,"column":46},"end":{"line":43,"column":1}},"1":{"start":{"line":20,"column":18},"end":{"line":20,"column":30}},"2":{"start":{"line":21,"column":18},"end":{"line":21,"column":63}},"3":{"start":{"line":23,"column":2},"end":{"line":42,"column":4}},"4":{"start":{"line":45,"column":0},"end":{"line":51,"column":2}}},"fnMap":{"0":{"name":"(anonymous_0)","decl":{"start":{"line":19,"column":46},"end":{"line":19,"column":47}},"loc":{"start":{"line":19,"column":55},"end":{"line":43,"column":1}},"line":19}},"branchMap":{"0":{"loc":{"start":{"line":23,"column":9},"end":{"line":42,"column":3}},"type":"cond-expr","locations":[{"start":{"line":24,"column":4},"end":{"line":31,"column":8}},{"start":{"line":33,"column":4},"end":{"line":41,"column":8}}],"line":23}},"s":{"0":9,"1":4,"2":4,"3":4,"4":9},"f":{"0":4},"b":{"0":[2,2]},"_coverageSchema":"43e27e138ebf9cfc5966b082cf9a028302ed4184","hash":"7d462bbe1c7cee4709ba842d733f4201e394622b"},"/home/dacm/Projects/NotGovUK/packages/components/src/lib/helpers.ts":{"path":"/home/dacm/Projects/NotGovUK/packages/components/src/lib/helpers.ts","statementMap":{"0":{"start":{"line":1,"column":18},"end":{"line":1,"column":35}},"1":{"start":{"line":1,"column":34},"end":{"line":1,"column":35}},"2":{"start":{"line":3,"column":25},"end":{"line":8,"column":1}},"3":{"start":{"line":4,"column":2},"end":{"line":7,"column":27}},"4":{"start":{"line":10,"column":19},"end":{"line":12,"column":1}},"5":{"start":{"line":11,"column":2},"end":{"line":11,"column":75}},"6":{"start":{"line":11,"column":53},"end":{"line":11,"column":73}}},"fnMap":{"0":{"name":"(anonymous_0)","decl":{"start":{"line":1,"column":18},"end":{"line":1,"column":19}},"loc":{"start":{"line":1,"column":34},"end":{"line":1,"column":35}},"line":1},"1":{"name":"(anonymous_1)","decl":{"start":{"line":3,"column":25},"end":{"line":3,"column":26}},"loc":{"start":{"line":4,"column":2},"end":{"line":7,"column":27}},"line":4},"2":{"name":"(anonymous_2)","decl":{"start":{"line":10,"column":19},"end":{"line":10,"column":20}},"loc":{"start":{"line":11,"column":2},"end":{"line":11,"column":75}},"line":11},"3":{"name":"(anonymous_3)","decl":{"start":{"line":11,"column":48},"end":{"line":11,"column":49}},"loc":{"start":{"line":11,"column":53},"end":{"line":11,"column":73}},"line":11}},"branchMap":{"0":{"loc":{"start":{"line":4,"column":2},"end":{"line":7,"column":27}},"type":"binary-expr","locations":[{"start":{"line":4,"column":2},"end":{"line":7,"column":14}},{"start":{"line":7,"column":18},"end":{"line":7,"column":27}}],"line":4}},"s":{"0":13,"1":211,"2":13,"3":87,"4":13,"5":18,"6":0},"f":{"0":211,"1":87,"2":18,"3":0},"b":{"0":[87,10]},"_coverageSchema":"43e27e138ebf9cfc5966b082cf9a028302ed4184","hash":"6b28658b77d08dc81b1031d4eec487b816340533"},"/home/dacm/Projects/NotGovUK/packages/components/src/lib/components/button/index.ts":{"path":"/home/dacm/Projects/NotGovUK/packages/components/src/lib/components/button/index.ts","statementMap":{"0":{"start":{"line":33,"column":47},"end":{"line":59,"column":1}},"1":{"start":{"line":34,"column":15},"end":{"line":34,"column":49}},"2":{"start":{"line":35,"column":17},"end":{"line":35,"column":36}},"3":{"start":{"line":36,"column":18},"end":{"line":41,"column":20}},"4":{"start":{"line":42,"column":15},"end":{"line":42,"column":71}},"5":{"start":{"line":43,"column":25},"end":{"line":48,"column":3}},"6":{"start":{"line":50,"column":2},"end":{"line":58,"column":4}},"7":{"start":{"line":61,"column":0},"end":{"line":72,"column":2}},"8":{"start":{"line":74,"column":52},"end":{"line":74,"column":118}},"9":{"start":{"line":74,"column":61},"end":{"line":74,"column":118}},"10":{"start":{"line":75,"column":53},"end":{"line":75,"column":120}},"11":{"start":{"line":75,"column":62},"end":{"line":75,"column":120}}},"fnMap":{"0":{"name":"(anonymous_0)","decl":{"start":{"line":33,"column":47},"end":{"line":33,"column":48}},"loc":{"start":{"line":33,"column":56},"end":{"line":59,"column":1}},"line":33},"1":{"name":"(anonymous_1)","decl":{"start":{"line":74,"column":52},"end":{"line":74,"column":53}},"loc":{"start":{"line":74,"column":61},"end":{"line":74,"column":118}},"line":74},"2":{"name":"(anonymous_2)","decl":{"start":{"line":75,"column":53},"end":{"line":75,"column":54}},"loc":{"start":{"line":75,"column":62},"end":{"line":75,"column":120}},"line":75}},"branchMap":{"0":{"loc":{"start":{"line":34,"column":15},"end":{"line":34,"column":49}},"type":"cond-expr","locations":[{"start":{"line":34,"column":30},"end":{"line":34,"column":38}},{"start":{"line":34,"column":41},"end":{"line":34,"column":49}}],"line":34},"1":{"loc":{"start":{"line":38,"column":4},"end":{"line":38,"column":50}},"type":"cond-expr","locations":[{"start":{"line":38,"column":21},"end":{"line":38,"column":45}},{"start":{"line":38,"column":48},"end":{"line":38,"column":50}}],"line":38},"2":{"loc":{"start":{"line":39,"column":4},"end":{"line":39,"column":52}},"type":"cond-expr","locations":[{"start":{"line":39,"column":22},"end":{"line":39,"column":47}},{"start":{"line":39,"column":50},"end":{"line":39,"column":52}}],"line":39},"3":{"loc":{"start":{"line":40,"column":4},"end":{"line":40,"column":48}},"type":"cond-expr","locations":[{"start":{"line":40,"column":20},"end":{"line":40,"column":43}},{"start":{"line":40,"column":46},"end":{"line":40,"column":48}}],"line":40},"4":{"loc":{"start":{"line":42,"column":15},"end":{"line":42,"column":71}},"type":"binary-expr","locations":[{"start":{"line":42,"column":15},"end":{"line":42,"column":26}},{"start":{"line":42,"column":31},"end":{"line":42,"column":42}},{"start":{"line":42,"column":46},"end":{"line":42,"column":57}},{"start":{"line":42,"column":62},"end":{"line":42,"column":71}}],"line":42},"5":{"loc":{"start":{"line":51,"column":4},"end":{"line":57,"column":7}},"type":"cond-expr","locations":[{"start":{"line":52,"column":8},"end":{"line":52,"column":29}},{"start":{"line":54,"column":8},"end":{"line":56,"column":33}}],"line":51},"6":{"loc":{"start":{"line":54,"column":8},"end":{"line":56,"column":33}},"type":"cond-expr","locations":[{"start":{"line":55,"column":12},"end":{"line":55,"column":34}},{"start":{"line":56,"column":12},"end":{"line":56,"column":33}}],"line":54}},"s":{"0":9,"1":12,"2":12,"3":12,"4":12,"5":12,"6":12,"7":9,"8":9,"9":1,"10":9,"11":5},"f":{"0":12,"1":1,"2":5},"b":{"0":[5,7],"1":[3,9],"2":[1,11],"3":[2,10],"4":[12,1,1,0],"5":[1,11],"6":[2,9]},"_coverageSchema":"43e27e138ebf9cfc5966b082cf9a028302ed4184","hash":"5f74b54124f77f4f743aecdfe77fc79f3f1cd554"},"/home/dacm/Projects/NotGovUK/packages/components/src/lib/components/button/start.tsx":{"path":"/home/dacm/Projects/NotGovUK/packages/components/src/lib/components/button/start.tsx","statementMap":{"0":{"start":{"line":5,"column":30},"end":{"line":12,"column":1}},"1":{"start":{"line":6,"column":2},"end":{"line":11,"column":11}}},"fnMap":{"0":{"name":"(anonymous_0)","decl":{"start":{"line":5,"column":30},"end":{"line":5,"column":31}},"loc":{"start":{"line":6,"column":2},"end":{"line":11,"column":11}},"line":6}},"branchMap":{},"s":{"0":9,"1":1},"f":{"0":1},"b":{},"_coverageSchema":"43e27e138ebf9cfc5966b082cf9a028302ed4184","hash":"690b46164075fc7f39291e907d4920ff3438bd74"},"/home/dacm/Projects/NotGovUK/packages/components/src/lib/components/button/anchor.tsx":{"path":"/home/dacm/Projects/NotGovUK/packages/components/src/lib/components/button/anchor.tsx","statementMap":{"0":{"start":{"line":4,"column":31},"end":{"line":15,"column":1}},"1":{"start":{"line":5,"column":2},"end":{"line":14,"column":6}}},"fnMap":{"0":{"name":"(anonymous_0)","decl":{"start":{"line":4,"column":31},"end":{"line":4,"column":32}},"loc":{"start":{"line":5,"column":2},"end":{"line":14,"column":6}},"line":5}},"branchMap":{"0":{"loc":{"start":{"line":13,"column":5},"end":{"line":13,"column":33}},"type":"binary-expr","locations":[{"start":{"line":13,"column":5},"end":{"line":13,"column":19}},{"start":{"line":13,"column":23},"end":{"line":13,"column":33}}],"line":13}},"s":{"0":9,"1":3},"f":{"0":3},"b":{"0":[3,2]},"_coverageSchema":"43e27e138ebf9cfc5966b082cf9a028302ed4184","hash":"52e4b0b7965c9ce1c5b5fe635d74187e0b01ac51"},"/home/dacm/Projects/NotGovUK/packages/components/src/lib/components/button/input.tsx":{"path":"/home/dacm/Projects/NotGovUK/packages/components/src/lib/components/button/input.tsx","statementMap":{"0":{"start":{"line":3,"column":30},"end":{"line":5,"column":1}},"1":{"start":{"line":4,"column":2},"end":{"line":4,"column":140}}},"fnMap":{"0":{"name":"(anonymous_0)","decl":{"start":{"line":3,"column":30},"end":{"line":3,"column":31}},"loc":{"start":{"line":4,"column":2},"end":{"line":4,"column":140}},"line":4}},"branchMap":{},"s":{"0":9,"1":9},"f":{"0":9},"b":{},"_coverageSchema":"43e27e138ebf9cfc5966b082cf9a028302ed4184","hash":"63223b15e16cea07ad998bfc93a8549e8d31019d"},"/home/dacm/Projects/NotGovUK/packages/components/src/lib/components/checkboxes/index.ts":{"path":"/home/dacm/Projects/NotGovUK/packages/components/src/lib/components/checkboxes/index.ts","statementMap":{"0":{"start":{"line":42,"column":50},"end":{"line":65,"column":4}},"1":{"start":{"line":43,"column":2},"end":{"line":65,"column":4}},"2":{"start":{"line":56,"column":37},"end":{"line":61,"column":5}},"3":{"start":{"line":67,"column":0},"end":{"line":79,"column":2}}},"fnMap":{"0":{"name":"(anonymous_0)","decl":{"start":{"line":42,"column":50},"end":{"line":42,"column":51}},"loc":{"start":{"line":43,"column":2},"end":{"line":65,"column":4}},"line":43},"1":{"name":"(anonymous_1)","decl":{"start":{"line":56,"column":31},"end":{"line":56,"column":32}},"loc":{"start":{"line":56,"column":37},"end":{"line":61,"column":5}},"line":56}},"branchMap":{"0":{"loc":{"start":{"line":50,"column":12},"end":{"line":50,"column":33}},"type":"binary-expr","locations":[{"start":{"line":50,"column":12},"end":{"line":50,"column":24}},{"start":{"line":50,"column":28},"end":{"line":50,"column":33}}],"line":50},"1":{"loc":{"start":{"line":62,"column":11},"end":{"line":62,"column":31}},"type":"binary-expr","locations":[{"start":{"line":62,"column":11},"end":{"line":62,"column":22}},{"start":{"line":62,"column":26},"end":{"line":62,"column":31}}],"line":62}},"s":{"0":9,"1":0,"2":0,"3":9},"f":{"0":0,"1":0},"b":{"0":[0,0],"1":[0,0]},"_coverageSchema":"43e27e138ebf9cfc5966b082cf9a028302ed4184","hash":"106d53d683300cf7c7ba4df0c609fd384e22919d"},"/home/dacm/Projects/NotGovUK/packages/components/src/lib/components/form-field/index.ts":{"path":"/home/dacm/Projects/NotGovUK/packages/components/src/lib/components/form-field/index.ts","statementMap":{"0":{"start":{"line":66,"column":23},"end":{"line":66,"column":71}},"1":{"start":{"line":66,"column":53},"end":{"line":66,"column":71}},"2":{"start":{"line":68,"column":48},"end":{"line":121,"column":1}},"3":{"start":{"line":70,"column":2},"end":{"line":81,"column":3}},"4":{"start":{"line":71,"column":4},"end":{"line":75,"column":5}},"5":{"start":{"line":72,"column":6},"end":{"line":72,"column":62}},"6":{"start":{"line":74,"column":6},"end":{"line":74,"column":30}},"7":{"start":{"line":77,"column":7},"end":{"line":81,"column":3}},"8":{"start":{"line":78,"column":4},"end":{"line":78,"column":30}},"9":{"start":{"line":80,"column":4},"end":{"line":80,"column":25}},"10":{"start":{"line":83,"column":15},"end":{"line":83,"column":41}},"11":{"start":{"line":84,"column":19},"end":{"line":90,"column":3}},"12":{"start":{"line":85,"column":4},"end":{"line":89,"column":16}},"13":{"start":{"line":91,"column":25},"end":{"line":111,"column":3}},"14":{"start":{"line":113,"column":2},"end":{"line":120,"column":4}},"15":{"start":{"line":123,"column":0},"end":{"line":141,"column":2}}},"fnMap":{"0":{"name":"(anonymous_0)","decl":{"start":{"line":66,"column":23},"end":{"line":66,"column":24}},"loc":{"start":{"line":66,"column":53},"end":{"line":66,"column":71}},"line":66},"1":{"name":"(anonymous_1)","decl":{"start":{"line":68,"column":48},"end":{"line":68,"column":49}},"loc":{"start":{"line":68,"column":57},"end":{"line":121,"column":1}},"line":68},"2":{"name":"(anonymous_2)","decl":{"start":{"line":84,"column":19},"end":{"line":84,"column":20}},"loc":{"start":{"line":85,"column":4},"end":{"line":89,"column":16}},"line":85}},"branchMap":{"0":{"loc":{"start":{"line":70,"column":2},"end":{"line":81,"column":3}},"type":"if","locations":[{"start":{"line":70,"column":2},"end":{"line":81,"column":3}},{"start":{"line":70,"column":2},"end":{"line":81,"column":3}}],"line":70},"1":{"loc":{"start":{"line":71,"column":4},"end":{"line":75,"column":5}},"type":"if","locations":[{"start":{"line":71,"column":4},"end":{"line":75,"column":5}},{"start":{"line":71,"column":4},"end":{"line":75,"column":5}}],"line":71},"2":{"loc":{"start":{"line":72,"column":21},"end":{"line":72,"column":61}},"type":"cond-expr","locations":[{"start":{"line":72,"column":38},"end":{"line":72,"column":50}},{"start":{"line":72,"column":53},"end":{"line":72,"column":61}}],"line":72},"3":{"loc":{"start":{"line":77,"column":7},"end":{"line":81,"column":3}},"type":"if","locations":[{"start":{"line":77,"column":7},"end":{"line":81,"column":3}},{"start":{"line":77,"column":7},"end":{"line":81,"column":3}}],"line":77},"4":{"loc":{"start":{"line":83,"column":15},"end":{"line":83,"column":41}},"type":"binary-expr","locations":[{"start":{"line":83,"column":15},"end":{"line":83,"column":25}},{"start":{"line":83,"column":29},"end":{"line":83,"column":41}}],"line":83},"5":{"loc":{"start":{"line":85,"column":4},"end":{"line":89,"column":16}},"type":"cond-expr","locations":[{"start":{"line":86,"column":8},"end":{"line":89,"column":7}},{"start":{"line":89,"column":10},"end":{"line":89,"column":16}}],"line":85},"6":{"loc":{"start":{"line":93,"column":25},"end":{"line":93,"column":65}},"type":"binary-expr","locations":[{"start":{"line":93,"column":25},"end":{"line":93,"column":36}},{"start":{"line":93,"column":40},"end":{"line":93,"column":65}}],"line":93},"7":{"loc":{"start":{"line":94,"column":18},"end":{"line":94,"column":76}},"type":"cond-expr","locations":[{"start":{"line":94,"column":46},"end":{"line":94,"column":64}},{"start":{"line":94,"column":67},"end":{"line":94,"column":76}}],"line":94},"8":{"loc":{"start":{"line":95,"column":16},"end":{"line":95,"column":110}},"type":"binary-expr","locations":[{"start":{"line":95,"column":16},"end":{"line":95,"column":27}},{"start":{"line":95,"column":31},"end":{"line":95,"column":110}}],"line":95},"9":{"loc":{"start":{"line":95,"column":45},"end":{"line":95,"column":78}},"type":"cond-expr","locations":[{"start":{"line":95,"column":67},"end":{"line":95,"column":71}},{"start":{"line":95,"column":74},"end":{"line":95,"column":78}}],"line":95},"10":{"loc":{"start":{"line":96,"column":8},"end":{"line":96,"column":30}},"type":"binary-expr","locations":[{"start":{"line":96,"column":8},"end":{"line":96,"column":16}},{"start":{"line":96,"column":20},"end":{"line":96,"column":30}}],"line":96},"11":{"loc":{"start":{"line":97,"column":12},"end":{"line":97,"column":120}},"type":"binary-expr","locations":[{"start":{"line":97,"column":13},"end":{"line":97,"column":34}},{"start":{"line":97,"column":39},"end":{"line":97,"column":56}},{"start":{"line":97,"column":60},"end":{"line":97,"column":73}},{"start":{"line":97,"column":77},"end":{"line":97,"column":102}},{"start":{"line":97,"column":108},"end":{"line":97,"column":120}}],"line":97},"12":{"loc":{"start":{"line":99,"column":6},"end":{"line":101,"column":23}},"type":"cond-expr","locations":[{"start":{"line":100,"column":10},"end":{"line":100,"column":37}},{"start":{"line":101,"column":10},"end":{"line":101,"column":23}}],"line":99},"13":{"loc":{"start":{"line":99,"column":6},"end":{"line":99,"column":48}},"type":"binary-expr","locations":[{"start":{"line":99,"column":6},"end":{"line":99,"column":19}},{"start":{"line":99,"column":23},"end":{"line":99,"column":48}}],"line":99},"14":{"loc":{"start":{"line":103,"column":10},"end":{"line":103,"column":75}},"type":"binary-expr","locations":[{"start":{"line":103,"column":11},"end":{"line":103,"column":30}},{"start":{"line":103,"column":35},"end":{"line":103,"column":54}},{"start":{"line":103,"column":58},"end":{"line":103,"column":59}},{"start":{"line":103,"column":65},"end":{"line":103,"column":75}}],"line":103},"15":{"loc":{"start":{"line":104,"column":11},"end":{"line":104,"column":96}},"type":"binary-expr","locations":[{"start":{"line":104,"column":12},"end":{"line":104,"column":32}},{"start":{"line":104,"column":37},"end":{"line":104,"column":50}},{"start":{"line":104,"column":54},"end":{"line":104,"column":79}},{"start":{"line":104,"column":85},"end":{"line":104,"column":96}}],"line":104},"16":{"loc":{"start":{"line":106,"column":6},"end":{"line":108,"column":15}},"type":"cond-expr","locations":[{"start":{"line":106,"column":35},"end":{"line":106,"column":70}},{"start":{"line":107,"column":6},"end":{"line":108,"column":15}}],"line":106},"17":{"loc":{"start":{"line":106,"column":35},"end":{"line":106,"column":70}},"type":"cond-expr","locations":[{"start":{"line":106,"column":54},"end":{"line":106,"column":60}},{"start":{"line":106,"column":63},"end":{"line":106,"column":70}}],"line":106},"18":{"loc":{"start":{"line":107,"column":6},"end":{"line":108,"column":15}},"type":"cond-expr","locations":[{"start":{"line":107,"column":28},"end":{"line":107,"column":34}},{"start":{"line":108,"column":6},"end":{"line":108,"column":15}}],"line":107},"19":{"loc":{"start":{"line":109,"column":10},"end":{"line":109,"column":48}},"type":"cond-expr","locations":[{"start":{"line":109,"column":35},"end":{"line":109,"column":41}},{"start":{"line":109,"column":44},"end":{"line":109,"column":48}}],"line":109},"20":{"loc":{"start":{"line":114,"column":4},"end":{"line":119,"column":25}},"type":"cond-expr","locations":[{"start":{"line":114,"column":28},"end":{"line":114,"column":54}},{"start":{"line":115,"column":4},"end":{"line":119,"column":25}}],"line":114},"21":{"loc":{"start":{"line":115,"column":4},"end":{"line":119,"column":25}},"type":"cond-expr","locations":[{"start":{"line":115,"column":22},"end":{"line":115,"column":47}},{"start":{"line":116,"column":4},"end":{"line":119,"column":25}}],"line":115},"22":{"loc":{"start":{"line":116,"column":4},"end":{"line":119,"column":25}},"type":"cond-expr","locations":[{"start":{"line":116,"column":24},"end":{"line":116,"column":46}},{"start":{"line":117,"column":4},"end":{"line":119,"column":25}}],"line":116},"23":{"loc":{"start":{"line":117,"column":4},"end":{"line":119,"column":25}},"type":"cond-expr","locations":[{"start":{"line":117,"column":24},"end":{"line":117,"column":46}},{"start":{"line":118,"column":4},"end":{"line":119,"column":25}}],"line":117},"24":{"loc":{"start":{"line":118,"column":4},"end":{"line":119,"column":25}},"type":"cond-expr","locations":[{"start":{"line":118,"column":26},"end":{"line":118,"column":50}},{"start":{"line":119,"column":4},"end":{"line":119,"column":25}}],"line":118}},"s":{"0":9,"1":0,"2":9,"3":0,"4":0,"5":0,"6":0,"7":0,"8":0,"9":0,"10":0,"11":0,"12":0,"13":0,"14":0,"15":9},"f":{"0":0,"1":0,"2":0},"b":{"0":[0,0],"1":[0,0],"2":[0,0],"3":[0,0],"4":[0,0],"5":[0,0],"6":[0,0],"7":[0,0],"8":[0,0],"9":[0,0],"10":[0,0],"11":[0,0,0,0,0],"12":[0,0],"13":[0,0],"14":[0,0,0,0],"15":[0,0,0,0],"16":[0,0],"17":[0,0],"18":[0,0],"19":[0,0],"20":[0,0],"21":[0,0],"22":[0,0],"23":[0,0],"24":[0,0]},"_coverageSchema":"43e27e138ebf9cfc5966b082cf9a028302ed4184","hash":"0141333a96dba169382e4f461500a66bef431072"},"/home/dacm/Projects/NotGovUK/packages/components/src/lib/components/form-field/checkboxes.tsx":{"path":"/home/dacm/Projects/NotGovUK/packages/components/src/lib/components/form-field/checkboxes.tsx","statementMap":{"0":{"start":{"line":7,"column":35},"end":{"line":40,"column":1}},"1":{"start":{"line":8,"column":2},"end":{"line":39,"column":24}},"2":{"start":{"line":19,"column":19},"end":{"line":19,"column":46}},"3":{"start":{"line":20,"column":8},"end":{"line":36,"column":10}}},"fnMap":{"0":{"name":"(anonymous_0)","decl":{"start":{"line":7,"column":35},"end":{"line":7,"column":36}},"loc":{"start":{"line":8,"column":2},"end":{"line":39,"column":24}},"line":8},"1":{"name":"(anonymous_1)","decl":{"start":{"line":18,"column":25},"end":{"line":18,"column":26}},"loc":{"start":{"line":18,"column":35},"end":{"line":37,"column":7}},"line":18}},"branchMap":{"0":{"loc":{"start":{"line":17,"column":44},"end":{"line":17,"column":66}},"type":"binary-expr","locations":[{"start":{"line":17,"column":44},"end":{"line":17,"column":55}},{"start":{"line":17,"column":59},"end":{"line":17,"column":66}}],"line":17},"1":{"loc":{"start":{"line":17,"column":68},"end":{"line":17,"column":92}},"type":"binary-expr","locations":[{"start":{"line":17,"column":68},"end":{"line":17,"column":80}},{"start":{"line":17,"column":84},"end":{"line":17,"column":92}}],"line":17},"2":{"loc":{"start":{"line":29,"column":24},"end":{"line":29,"column":52}},"type":"binary-expr","locations":[{"start":{"line":29,"column":24},"end":{"line":29,"column":38}},{"start":{"line":29,"column":42},"end":{"line":29,"column":52}}],"line":29},"3":{"loc":{"start":{"line":34,"column":13},"end":{"line":34,"column":97}},"type":"binary-expr","locations":[{"start":{"line":34,"column":13},"end":{"line":34,"column":19}},{"start":{"line":34,"column":23},"end":{"line":34,"column":97}}],"line":34}},"s":{"0":9,"1":0,"2":0,"3":0},"f":{"0":0,"1":0},"b":{"0":[0,0],"1":[0,0],"2":[0,0],"3":[0,0]},"_coverageSchema":"43e27e138ebf9cfc5966b082cf9a028302ed4184","hash":"7ec42c914fde7989388b5ee57deb8511431be651"},"/home/dacm/Projects/NotGovUK/packages/components/src/lib/components/form-field/checkboxes-and-radios.tsx":{"path":"/home/dacm/Projects/NotGovUK/packages/components/src/lib/components/form-field/checkboxes-and-radios.tsx","statementMap":{"0":{"start":{"line":5,"column":44},"end":{"line":15,"column":1}},"1":{"start":{"line":6,"column":2},"end":{"line":14,"column":26}}},"fnMap":{"0":{"name":"(anonymous_0)","decl":{"start":{"line":5,"column":44},"end":{"line":5,"column":45}},"loc":{"start":{"line":6,"column":2},"end":{"line":14,"column":26}},"line":6}},"branchMap":{},"s":{"0":9,"1":0},"f":{"0":0},"b":{},"_coverageSchema":"43e27e138ebf9cfc5966b082cf9a028302ed4184","hash":"735d2a32c0331a9a9abf8acf00eac3378f5df977"},"/home/dacm/Projects/NotGovUK/packages/components/src/lib/components/form-field/form-group-with-fieldset.tsx":{"path":"/home/dacm/Projects/NotGovUK/packages/components/src/lib/components/form-field/form-group-with-fieldset.tsx","statementMap":{"0":{"start":{"line":7,"column":46},"end":{"line":24,"column":1}},"1":{"start":{"line":8,"column":17},"end":{"line":8,"column":49}},"2":{"start":{"line":10,"column":2},"end":{"line":23,"column":4}}},"fnMap":{"0":{"name":"(anonymous_0)","decl":{"start":{"line":7,"column":46},"end":{"line":7,"column":47}},"loc":{"start":{"line":7,"column":55},"end":{"line":24,"column":1}},"line":7}},"branchMap":{"0":{"loc":{"start":{"line":8,"column":17},"end":{"line":8,"column":49}},"type":"binary-expr","locations":[{"start":{"line":8,"column":17},"end":{"line":8,"column":27}},{"start":{"line":8,"column":31},"end":{"line":8,"column":49}}],"line":8},"1":{"loc":{"start":{"line":18,"column":11},"end":{"line":18,"column":62}},"type":"binary-expr","locations":[{"start":{"line":18,"column":11},"end":{"line":18,"column":21}},{"start":{"line":18,"column":25},"end":{"line":18,"column":62}}],"line":18},"2":{"loc":{"start":{"line":19,"column":11},"end":{"line":19,"column":93}},"type":"binary-expr","locations":[{"start":{"line":19,"column":11},"end":{"line":19,"column":22}},{"start":{"line":19,"column":26},"end":{"line":19,"column":93}}],"line":19}},"s":{"0":9,"1":0,"2":0},"f":{"0":0},"b":{"0":[0,0],"1":[0,0],"2":[0,0]},"_coverageSchema":"43e27e138ebf9cfc5966b082cf9a028302ed4184","hash":"c67dcc6c6cf9e8409df9fafc9aa2467c5c1b3726"},"/home/dacm/Projects/NotGovUK/packages/components/src/lib/components/form-field/form-group.tsx":{"path":"/home/dacm/Projects/NotGovUK/packages/components/src/lib/components/form-field/form-group.tsx","statementMap":{"0":{"start":{"line":4,"column":34},"end":{"line":8,"column":1}},"1":{"start":{"line":5,"column":2},"end":{"line":7,"column":8}}},"fnMap":{"0":{"name":"(anonymous_0)","decl":{"start":{"line":4,"column":34},"end":{"line":4,"column":35}},"loc":{"start":{"line":5,"column":2},"end":{"line":7,"column":8}},"line":5}},"branchMap":{},"s":{"0":9,"1":0},"f":{"0":0},"b":{},"_coverageSchema":"43e27e138ebf9cfc5966b082cf9a028302ed4184","hash":"3a0abaec494f54c451b8a02a4cc050074f24b14a"},"/home/dacm/Projects/NotGovUK/packages/components/src/lib/components/form-field/hint.tsx":{"path":"/home/dacm/Projects/NotGovUK/packages/components/src/lib/components/form-field/hint.tsx","statementMap":{"0":{"start":{"line":4,"column":29},"end":{"line":6,"column":1}},"1":{"start":{"line":5,"column":2},"end":{"line":5,"column":98}}},"fnMap":{"0":{"name":"(anonymous_0)","decl":{"start":{"line":4,"column":29},"end":{"line":4,"column":30}},"loc":{"start":{"line":5,"column":2},"end":{"line":5,"column":98}},"line":5}},"branchMap":{},"s":{"0":9,"1":0},"f":{"0":0},"b":{},"_coverageSchema":"43e27e138ebf9cfc5966b082cf9a028302ed4184","hash":"615c8d6da72d1ffb0a6db86a72375e499def612f"},"/home/dacm/Projects/NotGovUK/packages/components/src/lib/components/form-field/error-message.tsx":{"path":"/home/dacm/Projects/NotGovUK/packages/components/src/lib/components/form-field/error-message.tsx","statementMap":{"0":{"start":{"line":3,"column":37},"end":{"line":5,"column":1}},"1":{"start":{"line":4,"column":2},"end":{"line":4,"column":119}}},"fnMap":{"0":{"name":"(anonymous_0)","decl":{"start":{"line":3,"column":37},"end":{"line":3,"column":38}},"loc":{"start":{"line":4,"column":2},"end":{"line":4,"column":119}},"line":4}},"branchMap":{},"s":{"0":9,"1":0},"f":{"0":0},"b":{},"_coverageSchema":"43e27e138ebf9cfc5966b082cf9a028302ed4184","hash":"a154e9c814e375cc57a535168a269a207f34a436"},"/home/dacm/Projects/NotGovUK/packages/components/src/lib/components/form-field/label.tsx":{"path":"/home/dacm/Projects/NotGovUK/packages/components/src/lib/components/form-field/label.tsx","statementMap":{"0":{"start":{"line":4,"column":30},"end":{"line":6,"column":1}},"1":{"start":{"line":5,"column":2},"end":{"line":5,"column":111}}},"fnMap":{"0":{"name":"(anonymous_0)","decl":{"start":{"line":4,"column":30},"end":{"line":4,"column":31}},"loc":{"start":{"line":5,"column":2},"end":{"line":5,"column":111}},"line":5}},"branchMap":{},"s":{"0":9,"1":0},"f":{"0":0},"b":{},"_coverageSchema":"43e27e138ebf9cfc5966b082cf9a028302ed4184","hash":"20ba6cc383c84da45ca39b0852b8d88be80934b7"},"/home/dacm/Projects/NotGovUK/packages/components/src/lib/components/form-field/date-input.tsx":{"path":"/home/dacm/Projects/NotGovUK/packages/components/src/lib/components/form-field/date-input.tsx","statementMap":{"0":{"start":{"line":6,"column":34},"end":{"line":97,"column":1}},"1":{"start":{"line":7,"column":23},"end":{"line":7,"column":62}},"2":{"start":{"line":8,"column":24},"end":{"line":8,"column":112}},"3":{"start":{"line":9,"column":18},"end":{"line":13,"column":3}},"4":{"start":{"line":14,"column":20},"end":{"line":18,"column":3}},"5":{"start":{"line":15,"column":4},"end":{"line":17,"column":9}},"6":{"start":{"line":20,"column":4},"end":{"line":29,"column":5}},"7":{"start":{"line":32,"column":2},"end":{"line":96,"column":4}}},"fnMap":{"0":{"name":"(anonymous_0)","decl":{"start":{"line":6,"column":34},"end":{"line":6,"column":35}},"loc":{"start":{"line":6,"column":43},"end":{"line":97,"column":1}},"line":6},"1":{"name":"(anonymous_1)","decl":{"start":{"line":14,"column":20},"end":{"line":14,"column":21}},"loc":{"start":{"line":15,"column":4},"end":{"line":17,"column":9}},"line":15}},"branchMap":{"0":{"loc":{"start":{"line":7,"column":23},"end":{"line":7,"column":62}},"type":"binary-expr","locations":[{"start":{"line":7,"column":23},"end":{"line":7,"column":33}},{"start":{"line":7,"column":37},"end":{"line":7,"column":62}}],"line":7},"1":{"loc":{"start":{"line":8,"column":24},"end":{"line":8,"column":112}},"type":"binary-expr","locations":[{"start":{"line":8,"column":24},"end":{"line":8,"column":35}},{"start":{"line":8,"column":40},"end":{"line":8,"column":55}},{"start":{"line":8,"column":59},"end":{"line":8,"column":76}},{"start":{"line":8,"column":80},"end":{"line":8,"column":96}},{"start":{"line":8,"column":100},"end":{"line":8,"column":111}}],"line":8},"2":{"loc":{"start":{"line":10,"column":9},"end":{"line":10,"column":77}},"type":"binary-expr","locations":[{"start":{"line":10,"column":9},"end":{"line":10,"column":20}},{"start":{"line":10,"column":25},"end":{"line":10,"column":57}},{"start":{"line":10,"column":61},"end":{"line":10,"column":76}}],"line":10},"3":{"loc":{"start":{"line":11,"column":11},"end":{"line":11,"column":81}},"type":"binary-expr","locations":[{"start":{"line":11,"column":11},"end":{"line":11,"column":22}},{"start":{"line":11,"column":27},"end":{"line":11,"column":59}},{"start":{"line":11,"column":63},"end":{"line":11,"column":80}}],"line":11},"4":{"loc":{"start":{"line":12,"column":10},"end":{"line":12,"column":79}},"type":"binary-expr","locations":[{"start":{"line":12,"column":10},"end":{"line":12,"column":21}},{"start":{"line":12,"column":26},"end":{"line":12,"column":58}},{"start":{"line":12,"column":62},"end":{"line":12,"column":78}}],"line":12},"5":{"loc":{"start":{"line":15,"column":4},"end":{"line":17,"column":9}},"type":"cond-expr","locations":[{"start":{"line":16,"column":8},"end":{"line":16,"column":10}},{"start":{"line":17,"column":8},"end":{"line":17,"column":9}}],"line":15},"6":{"loc":{"start":{"line":20,"column":4},"end":{"line":29,"column":5}},"type":"cond-expr","locations":[{"start":{"line":21,"column":6},"end":{"line":25,"column":5}},{"start":{"line":25,"column":8},"end":{"line":29,"column":5}}],"line":20},"7":{"loc":{"start":{"line":51,"column":90},"end":{"line":51,"column":112}},"type":"binary-expr","locations":[{"start":{"line":51,"column":90},"end":{"line":51,"column":101}},{"start":{"line":51,"column":105},"end":{"line":51,"column":112}}],"line":51},"8":{"loc":{"start":{"line":52,"column":26},"end":{"line":52,"column":70}},"type":"binary-expr","locations":[{"start":{"line":52,"column":26},"end":{"line":52,"column":44}},{"start":{"line":52,"column":48},"end":{"line":52,"column":70}}],"line":52},"9":{"loc":{"start":{"line":54,"column":26},"end":{"line":54,"column":75}},"type":"binary-expr","locations":[{"start":{"line":54,"column":26},"end":{"line":54,"column":44}},{"start":{"line":54,"column":48},"end":{"line":54,"column":75}}],"line":54},"10":{"loc":{"start":{"line":68,"column":90},"end":{"line":68,"column":114}},"type":"binary-expr","locations":[{"start":{"line":68,"column":90},"end":{"line":68,"column":103}},{"start":{"line":68,"column":107},"end":{"line":68,"column":114}}],"line":68},"11":{"loc":{"start":{"line":69,"column":26},"end":{"line":69,"column":72}},"type":"binary-expr","locations":[{"start":{"line":69,"column":26},"end":{"line":69,"column":44}},{"start":{"line":69,"column":48},"end":{"line":69,"column":72}}],"line":69},"12":{"loc":{"start":{"line":71,"column":26},"end":{"line":71,"column":77}},"type":"binary-expr","locations":[{"start":{"line":71,"column":26},"end":{"line":71,"column":44}},{"start":{"line":71,"column":48},"end":{"line":71,"column":77}}],"line":71},"13":{"loc":{"start":{"line":85,"column":90},"end":{"line":85,"column":113}},"type":"binary-expr","locations":[{"start":{"line":85,"column":90},"end":{"line":85,"column":102}},{"start":{"line":85,"column":106},"end":{"line":85,"column":113}}],"line":85},"14":{"loc":{"start":{"line":86,"column":26},"end":{"line":86,"column":71}},"type":"binary-expr","locations":[{"start":{"line":86,"column":26},"end":{"line":86,"column":44}},{"start":{"line":86,"column":48},"end":{"line":86,"column":71}}],"line":86},"15":{"loc":{"start":{"line":88,"column":26},"end":{"line":88,"column":76}},"type":"binary-expr","locations":[{"start":{"line":88,"column":26},"end":{"line":88,"column":44}},{"start":{"line":88,"column":48},"end":{"line":88,"column":76}}],"line":88}},"s":{"0":9,"1":0,"2":0,"3":0,"4":0,"5":0,"6":0,"7":0},"f":{"0":0,"1":0},"b":{"0":[0,0],"1":[0,0,0,0,0],"2":[0,0,0],"3":[0,0,0],"4":[0,0,0],"5":[0,0],"6":[0,0],"7":[0,0],"8":[0,0],"9":[0,0],"10":[0,0],"11":[0,0],"12":[0,0],"13":[0,0],"14":[0,0],"15":[0,0]},"_coverageSchema":"43e27e138ebf9cfc5966b082cf9a028302ed4184","hash":"ae82929e3a0851b6649505b5b7524a5de31424c6"},"/home/dacm/Projects/NotGovUK/packages/components/src/lib/components/form-field/input.tsx":{"path":"/home/dacm/Projects/NotGovUK/packages/components/src/lib/components/form-field/input.tsx","statementMap":{"0":{"start":{"line":5,"column":30},"end":{"line":34,"column":1}},"1":{"start":{"line":6,"column":18},"end":{"line":6,"column":37}},"2":{"start":{"line":8,"column":2},"end":{"line":33,"column":4}}},"fnMap":{"0":{"name":"(anonymous_0)","decl":{"start":{"line":5,"column":30},"end":{"line":5,"column":31}},"loc":{"start":{"line":5,"column":39},"end":{"line":34,"column":1}},"line":5}},"branchMap":{"0":{"loc":{"start":{"line":19,"column":38},"end":{"line":19,"column":60}},"type":"binary-expr","locations":[{"start":{"line":19,"column":38},"end":{"line":19,"column":49}},{"start":{"line":19,"column":53},"end":{"line":19,"column":60}}],"line":19},"1":{"loc":{"start":{"line":22,"column":26},"end":{"line":22,"column":58}},"type":"binary-expr","locations":[{"start":{"line":22,"column":26},"end":{"line":22,"column":36}},{"start":{"line":22,"column":40},"end":{"line":22,"column":58}}],"line":22}},"s":{"0":9,"1":0,"2":0},"f":{"0":0},"b":{"0":[0,0],"1":[0,0]},"_coverageSchema":"43e27e138ebf9cfc5966b082cf9a028302ed4184","hash":"eacfd53d63e79bbd1feb4bb6549744690c0401fe"},"/home/dacm/Projects/NotGovUK/packages/components/src/lib/components/form-field/form-group-with-label.tsx":{"path":"/home/dacm/Projects/NotGovUK/packages/components/src/lib/components/form-field/form-group-with-label.tsx","statementMap":{"0":{"start":{"line":7,"column":43},"end":{"line":14,"column":1}},"1":{"start":{"line":8,"column":2},"end":{"line":13,"column":14}}},"fnMap":{"0":{"name":"(anonymous_0)","decl":{"start":{"line":7,"column":43},"end":{"line":7,"column":44}},"loc":{"start":{"line":8,"column":2},"end":{"line":13,"column":14}},"line":8}},"branchMap":{"0":{"loc":{"start":{"line":10,"column":5},"end":{"line":10,"column":68}},"type":"binary-expr","locations":[{"start":{"line":10,"column":5},"end":{"line":10,"column":15}},{"start":{"line":10,"column":19},"end":{"line":10,"column":68}}],"line":10},"1":{"loc":{"start":{"line":11,"column":5},"end":{"line":11,"column":87}},"type":"binary-expr","locations":[{"start":{"line":11,"column":5},"end":{"line":11,"column":16}},{"start":{"line":11,"column":20},"end":{"line":11,"column":87}}],"line":11}},"s":{"0":9,"1":0},"f":{"0":0},"b":{"0":[0,0],"1":[0,0]},"_coverageSchema":"43e27e138ebf9cfc5966b082cf9a028302ed4184","hash":"bb4c939d92f6c0538379a0cf02a115d1501b0adf"},"/home/dacm/Projects/NotGovUK/packages/components/src/lib/components/form-field/radios.tsx":{"path":"/home/dacm/Projects/NotGovUK/packages/components/src/lib/components/form-field/radios.tsx","statementMap":{"0":{"start":{"line":7,"column":31},"end":{"line":40,"column":1}},"1":{"start":{"line":8,"column":2},"end":{"line":39,"column":24}},"2":{"start":{"line":19,"column":19},"end":{"line":19,"column":43}},"3":{"start":{"line":20,"column":8},"end":{"line":36,"column":10}}},"fnMap":{"0":{"name":"(anonymous_0)","decl":{"start":{"line":7,"column":31},"end":{"line":7,"column":32}},"loc":{"start":{"line":8,"column":2},"end":{"line":39,"column":24}},"line":8},"1":{"name":"(anonymous_1)","decl":{"start":{"line":18,"column":25},"end":{"line":18,"column":26}},"loc":{"start":{"line":18,"column":35},"end":{"line":37,"column":7}},"line":18}},"branchMap":{"0":{"loc":{"start":{"line":17,"column":40},"end":{"line":17,"column":62}},"type":"binary-expr","locations":[{"start":{"line":17,"column":40},"end":{"line":17,"column":51}},{"start":{"line":17,"column":55},"end":{"line":17,"column":62}}],"line":17},"1":{"loc":{"start":{"line":17,"column":64},"end":{"line":17,"column":88}},"type":"binary-expr","locations":[{"start":{"line":17,"column":64},"end":{"line":17,"column":76}},{"start":{"line":17,"column":80},"end":{"line":17,"column":88}}],"line":17},"2":{"loc":{"start":{"line":29,"column":24},"end":{"line":29,"column":52}},"type":"binary-expr","locations":[{"start":{"line":29,"column":24},"end":{"line":29,"column":38}},{"start":{"line":29,"column":42},"end":{"line":29,"column":52}}],"line":29},"3":{"loc":{"start":{"line":34,"column":13},"end":{"line":34,"column":93}},"type":"binary-expr","locations":[{"start":{"line":34,"column":13},"end":{"line":34,"column":19}},{"start":{"line":34,"column":23},"end":{"line":34,"column":93}}],"line":34}},"s":{"0":9,"1":0,"2":0,"3":0},"f":{"0":0,"1":0},"b":{"0":[0,0],"1":[0,0],"2":[0,0],"3":[0,0]},"_coverageSchema":"43e27e138ebf9cfc5966b082cf9a028302ed4184","hash":"a4d4dce09ee48d95e57c9b8b5ed76b667c78bd7c"},"/home/dacm/Projects/NotGovUK/packages/components/src/lib/components/form-field/select.tsx":{"path":"/home/dacm/Projects/NotGovUK/packages/components/src/lib/components/form-field/select.tsx","statementMap":{"0":{"start":{"line":5,"column":31},"end":{"line":37,"column":1}},"1":{"start":{"line":6,"column":18},"end":{"line":6,"column":38}},"2":{"start":{"line":8,"column":2},"end":{"line":36,"column":4}},"3":{"start":{"line":32,"column":10},"end":{"line":32,"column":82}}},"fnMap":{"0":{"name":"(anonymous_0)","decl":{"start":{"line":5,"column":31},"end":{"line":5,"column":32}},"loc":{"start":{"line":5,"column":40},"end":{"line":37,"column":1}},"line":5},"1":{"name":"(anonymous_1)","decl":{"start":{"line":31,"column":27},"end":{"line":31,"column":28}},"loc":{"start":{"line":32,"column":10},"end":{"line":32,"column":82}},"line":32}},"branchMap":{"0":{"loc":{"start":{"line":19,"column":39},"end":{"line":19,"column":61}},"type":"binary-expr","locations":[{"start":{"line":19,"column":39},"end":{"line":19,"column":50}},{"start":{"line":19,"column":54},"end":{"line":19,"column":61}}],"line":19},"1":{"loc":{"start":{"line":21,"column":26},"end":{"line":21,"column":58}},"type":"binary-expr","locations":[{"start":{"line":21,"column":26},"end":{"line":21,"column":36}},{"start":{"line":21,"column":40},"end":{"line":21,"column":58}}],"line":21}},"s":{"0":9,"1":0,"2":0,"3":0},"f":{"0":0,"1":0},"b":{"0":[0,0],"1":[0,0]},"_coverageSchema":"43e27e138ebf9cfc5966b082cf9a028302ed4184","hash":"a955952edfe3c069f547276e613c510e3e1a2298"},"/home/dacm/Projects/NotGovUK/packages/components/src/lib/components/form-field/textarea.tsx":{"path":"/home/dacm/Projects/NotGovUK/packages/components/src/lib/components/form-field/textarea.tsx","statementMap":{"0":{"start":{"line":5,"column":33},"end":{"line":34,"column":1}},"1":{"start":{"line":6,"column":18},"end":{"line":6,"column":40}},"2":{"start":{"line":8,"column":2},"end":{"line":33,"column":4}}},"fnMap":{"0":{"name":"(anonymous_0)","decl":{"start":{"line":5,"column":33},"end":{"line":5,"column":34}},"loc":{"start":{"line":5,"column":42},"end":{"line":34,"column":1}},"line":5}},"branchMap":{"0":{"loc":{"start":{"line":19,"column":41},"end":{"line":19,"column":63}},"type":"binary-expr","locations":[{"start":{"line":19,"column":41},"end":{"line":19,"column":52}},{"start":{"line":19,"column":56},"end":{"line":19,"column":63}}],"line":19},"1":{"loc":{"start":{"line":21,"column":26},"end":{"line":21,"column":58}},"type":"binary-expr","locations":[{"start":{"line":21,"column":26},"end":{"line":21,"column":36}},{"start":{"line":21,"column":40},"end":{"line":21,"column":58}}],"line":21}},"s":{"0":9,"1":0,"2":0},"f":{"0":0},"b":{"0":[0,0],"1":[0,0]},"_coverageSchema":"43e27e138ebf9cfc5966b082cf9a028302ed4184","hash":"8ec957715d41a8283bb66ddae7b9054002d3e2d6"},"/home/dacm/Projects/NotGovUK/packages/components/src/lib/components/date-input/index.ts":{"path":"/home/dacm/Projects/NotGovUK/packages/components/src/lib/components/date-input/index.ts","statementMap":{"0":{"start":{"line":54,"column":64},"end":{"line":69,"column":4}},"1":{"start":{"line":55,"column":2},"end":{"line":69,"column":4}},"2":{"start":{"line":71,"column":0},"end":{"line":82,"column":2}},"3":{"start":{"line":84,"column":0},"end":{"line":101,"column":2}},"4":{"start":{"line":85,"column":14},"end":{"line":86,"column":33}},"5":{"start":{"line":86,"column":4},"end":{"line":86,"column":33}},"6":{"start":{"line":88,"column":16},"end":{"line":89,"column":20}},"7":{"start":{"line":89,"column":4},"end":{"line":89,"column":20}},"8":{"start":{"line":91,"column":2},"end":{"line":100,"column":3}},"9":{"start":{"line":93,"column":15},"end":{"line":93,"column":28}},"10":{"start":{"line":94,"column":15},"end":{"line":94,"column":30}},"11":{"start":{"line":95,"column":17},"end":{"line":95,"column":31}},"12":{"start":{"line":97,"column":4},"end":{"line":97,"column":33}},"13":{"start":{"line":99,"column":4},"end":{"line":99,"column":21}},"14":{"start":{"line":103,"column":0},"end":{"line":115,"column":2}},"15":{"start":{"line":104,"column":16},"end":{"line":104,"column":56}},"16":{"start":{"line":104,"column":36},"end":{"line":104,"column":56}},"17":{"start":{"line":106,"column":14},"end":{"line":106,"column":26}},"18":{"start":{"line":108,"column":2},"end":{"line":114,"column":4}}},"fnMap":{"0":{"name":"(anonymous_0)","decl":{"start":{"line":54,"column":64},"end":{"line":54,"column":65}},"loc":{"start":{"line":55,"column":2},"end":{"line":69,"column":4}},"line":55},"1":{"name":"(anonymous_1)","decl":{"start":{"line":84,"column":19},"end":{"line":84,"column":20}},"loc":{"start":{"line":84,"column":51},"end":{"line":101,"column":1}},"line":84},"2":{"name":"(anonymous_2)","decl":{"start":{"line":85,"column":14},"end":{"line":85,"column":15}},"loc":{"start":{"line":86,"column":4},"end":{"line":86,"column":33}},"line":86},"3":{"name":"(anonymous_3)","decl":{"start":{"line":88,"column":16},"end":{"line":88,"column":17}},"loc":{"start":{"line":89,"column":4},"end":{"line":89,"column":20}},"line":89},"4":{"name":"(anonymous_4)","decl":{"start":{"line":103,"column":21},"end":{"line":103,"column":22}},"loc":{"start":{"line":103,"column":53},"end":{"line":115,"column":1}},"line":103},"5":{"name":"(anonymous_5)","decl":{"start":{"line":104,"column":16},"end":{"line":104,"column":17}},"loc":{"start":{"line":104,"column":36},"end":{"line":104,"column":56}},"line":104}},"branchMap":{"0":{"loc":{"start":{"line":89,"column":7},"end":{"line":89,"column":19}},"type":"binary-expr","locations":[{"start":{"line":89,"column":7},"end":{"line":89,"column":8}},{"start":{"line":89,"column":12},"end":{"line":89,"column":19}}],"line":89},"1":{"loc":{"start":{"line":91,"column":2},"end":{"line":100,"column":3}},"type":"if","locations":[{"start":{"line":91,"column":2},"end":{"line":100,"column":3}},{"start":{"line":91,"column":2},"end":{"line":100,"column":3}}],"line":91},"2":{"loc":{"start":{"line":91,"column":6},"end":{"line":91,"column":53}},"type":"binary-expr","locations":[{"start":{"line":91,"column":6},"end":{"line":91,"column":18}},{"start":{"line":91,"column":22},"end":{"line":91,"column":36}},{"start":{"line":91,"column":40},"end":{"line":91,"column":53}}],"line":91},"3":{"loc":{"start":{"line":109,"column":4},"end":{"line":113,"column":17}},"type":"cond-expr","locations":[{"start":{"line":109,"column":23},"end":{"line":113,"column":5}},{"start":{"line":113,"column":8},"end":{"line":113,"column":17}}],"line":109}},"s":{"0":9,"1":0,"2":9,"3":9,"4":0,"5":0,"6":0,"7":0,"8":0,"9":0,"10":0,"11":0,"12":0,"13":0,"14":9,"15":0,"16":0,"17":0,"18":0},"f":{"0":0,"1":0,"2":0,"3":0,"4":0,"5":0},"b":{"0":[0,0],"1":[0,0],"2":[0,0,0],"3":[0,0]},"_coverageSchema":"43e27e138ebf9cfc5966b082cf9a028302ed4184","hash":"25aedadec1ee9239513acce6df52b97de807dfe8"},"/home/dacm/Projects/NotGovUK/packages/components/src/lib/components/details/index.tsx":{"path":"/home/dacm/Projects/NotGovUK/packages/components/src/lib/components/details/index.tsx","statementMap":{"0":{"start":{"line":13,"column":44},"end":{"line":20,"column":1}},"1":{"start":{"line":14,"column":2},"end":{"line":19,"column":12}},"2":{"start":{"line":22,"column":0},"end":{"line":25,"column":2}}},"fnMap":{"0":{"name":"(anonymous_0)","decl":{"start":{"line":13,"column":44},"end":{"line":13,"column":45}},"loc":{"start":{"line":14,"column":2},"end":{"line":19,"column":12}},"line":14}},"branchMap":{},"s":{"0":10,"1":1,"2":10},"f":{"0":1},"b":{},"_coverageSchema":"43e27e138ebf9cfc5966b082cf9a028302ed4184","hash":"a904398377645c8e0faa8f96ee389a2ebfb347fc"},"/home/dacm/Projects/NotGovUK/packages/components/src/lib/components/page-footer/index.tsx":{"path":"/home/dacm/Projects/NotGovUK/packages/components/src/lib/components/page-footer/index.tsx","statementMap":{"0":{"start":{"line":13,"column":50},"end":{"line":19,"column":1}},"1":{"start":{"line":14,"column":2},"end":{"line":18,"column":11}},"2":{"start":{"line":21,"column":0},"end":{"line":25,"column":2}}},"fnMap":{"0":{"name":"(anonymous_0)","decl":{"start":{"line":13,"column":50},"end":{"line":13,"column":51}},"loc":{"start":{"line":14,"column":2},"end":{"line":18,"column":11}},"line":14}},"branchMap":{"0":{"loc":{"start":{"line":15,"column":49},"end":{"line":15,"column":80}},"type":"cond-expr","locations":[{"start":{"line":15,"column":62},"end":{"line":15,"column":68}},{"start":{"line":15,"column":71},"end":{"line":15,"column":80}}],"line":15}},"s":{"0":10,"1":2,"2":10},"f":{"0":2},"b":{"0":[0,2]},"_coverageSchema":"43e27e138ebf9cfc5966b082cf9a028302ed4184","hash":"bfe4897e637b7df83ef118b44216f568fe111640"},"/home/dacm/Projects/NotGovUK/packages/components/src/lib/components/phase-banner/index.tsx":{"path":"/home/dacm/Projects/NotGovUK/packages/components/src/lib/components/phase-banner/index.tsx","statementMap":{"0":{"start":{"line":14,"column":52},"end":{"line":23,"column":1}},"1":{"start":{"line":15,"column":2},"end":{"line":22,"column":8}},"2":{"start":{"line":25,"column":0},"end":{"line":28,"column":2}}},"fnMap":{"0":{"name":"(anonymous_0)","decl":{"start":{"line":14,"column":52},"end":{"line":14,"column":53}},"loc":{"start":{"line":15,"column":2},"end":{"line":22,"column":8}},"line":15}},"branchMap":{},"s":{"0":9,"1":1,"2":9},"f":{"0":1},"b":{},"_coverageSchema":"43e27e138ebf9cfc5966b082cf9a028302ed4184","hash":"4eff14f0a03ca7ef71e98e8919bf86e96ef5f565"},"/home/dacm/Projects/NotGovUK/packages/components/src/lib/components/radios/index.ts":{"path":"/home/dacm/Projects/NotGovUK/packages/components/src/lib/components/radios/index.ts","statementMap":{"0":{"start":{"line":42,"column":42},"end":{"line":65,"column":4}},"1":{"start":{"line":43,"column":2},"end":{"line":65,"column":4}},"2":{"start":{"line":56,"column":37},"end":{"line":61,"column":5}},"3":{"start":{"line":67,"column":0},"end":{"line":79,"column":2}}},"fnMap":{"0":{"name":"(anonymous_0)","decl":{"start":{"line":42,"column":42},"end":{"line":42,"column":43}},"loc":{"start":{"line":43,"column":2},"end":{"line":65,"column":4}},"line":43},"1":{"name":"(anonymous_1)","decl":{"start":{"line":56,"column":31},"end":{"line":56,"column":32}},"loc":{"start":{"line":56,"column":37},"end":{"line":61,"column":5}},"line":56}},"branchMap":{"0":{"loc":{"start":{"line":50,"column":12},"end":{"line":50,"column":33}},"type":"binary-expr","locations":[{"start":{"line":50,"column":12},"end":{"line":50,"column":24}},{"start":{"line":50,"column":28},"end":{"line":50,"column":33}}],"line":50},"1":{"loc":{"start":{"line":62,"column":11},"end":{"line":62,"column":31}},"type":"binary-expr","locations":[{"start":{"line":62,"column":11},"end":{"line":62,"column":22}},{"start":{"line":62,"column":26},"end":{"line":62,"column":31}}],"line":62}},"s":{"0":9,"1":0,"2":0,"3":9},"f":{"0":0,"1":0},"b":{"0":[0,0],"1":[0,0]},"_coverageSchema":"43e27e138ebf9cfc5966b082cf9a028302ed4184","hash":"b0b6988e509aee4e67ae317bb08a5a555ec41fa8"},"/home/dacm/Projects/NotGovUK/packages/components/src/lib/components/select/index.ts":{"path":"/home/dacm/Projects/NotGovUK/packages/components/src/lib/components/select/index.ts","statementMap":{"0":{"start":{"line":38,"column":42},"end":{"line":59,"column":4}},"1":{"start":{"line":39,"column":2},"end":{"line":59,"column":4}},"2":{"start":{"line":51,"column":37},"end":{"line":56,"column":5}},"3":{"start":{"line":61,"column":0},"end":{"line":71,"column":2}}},"fnMap":{"0":{"name":"(anonymous_0)","decl":{"start":{"line":38,"column":42},"end":{"line":38,"column":43}},"loc":{"start":{"line":39,"column":2},"end":{"line":59,"column":4}},"line":39},"1":{"name":"(anonymous_1)","decl":{"start":{"line":51,"column":31},"end":{"line":51,"column":32}},"loc":{"start":{"line":51,"column":37},"end":{"line":56,"column":5}},"line":51}},"branchMap":{},"s":{"0":9,"1":0,"2":0,"3":9},"f":{"0":0,"1":0},"b":{},"_coverageSchema":"43e27e138ebf9cfc5966b082cf9a028302ed4184","hash":"31f72b296ce895e574775d6e9fa1b8f9beadea03"},"/home/dacm/Projects/NotGovUK/packages/components/src/lib/components/skip-link/index.tsx":{"path":"/home/dacm/Projects/NotGovUK/packages/components/src/lib/components/skip-link/index.tsx","statementMap":{"0":{"start":{"line":15,"column":46},"end":{"line":17,"column":1}},"1":{"start":{"line":16,"column":2},"end":{"line":16,"column":129}},"2":{"start":{"line":19,"column":0},"end":{"line":23,"column":2}}},"fnMap":{"0":{"name":"(anonymous_0)","decl":{"start":{"line":15,"column":46},"end":{"line":15,"column":47}},"loc":{"start":{"line":16,"column":2},"end":{"line":16,"column":129}},"line":16}},"branchMap":{"0":{"loc":{"start":{"line":16,"column":96},"end":{"line":16,"column":124}},"type":"binary-expr","locations":[{"start":{"line":16,"column":96},"end":{"line":16,"column":110}},{"start":{"line":16,"column":114},"end":{"line":16,"column":124}}],"line":16}},"s":{"0":10,"1":2,"2":10},"f":{"0":2},"b":{"0":[2,2]},"_coverageSchema":"43e27e138ebf9cfc5966b082cf9a028302ed4184","hash":"2ea36540735d4a97542d988de655c7d1392efc65"},"/home/dacm/Projects/NotGovUK/packages/components/src/lib/components/tag/index.tsx":{"path":"/home/dacm/Projects/NotGovUK/packages/components/src/lib/components/tag/index.tsx","statementMap":{"0":{"start":{"line":13,"column":36},"end":{"line":15,"column":1}},"1":{"start":{"line":14,"column":2},"end":{"line":14,"column":97}},"2":{"start":{"line":17,"column":0},"end":{"line":20,"column":2}}},"fnMap":{"0":{"name":"(anonymous_0)","decl":{"start":{"line":13,"column":36},"end":{"line":13,"column":37}},"loc":{"start":{"line":14,"column":2},"end":{"line":14,"column":97}},"line":14}},"branchMap":{},"s":{"0":10,"1":1,"2":10},"f":{"0":1},"b":{},"_coverageSchema":"43e27e138ebf9cfc5966b082cf9a028302ed4184","hash":"ffe077b9fbab96126fe32bd205fe9f218129282b"},"/home/dacm/Projects/NotGovUK/packages/components/src/lib/components/text-input/index.ts":{"path":"/home/dacm/Projects/NotGovUK/packages/components/src/lib/components/text-input/index.ts","statementMap":{"0":{"start":{"line":35,"column":48},"end":{"line":52,"column":4}},"1":{"start":{"line":36,"column":2},"end":{"line":52,"column":4}},"2":{"start":{"line":54,"column":0},"end":{"line":67,"column":2}}},"fnMap":{"0":{"name":"(anonymous_0)","decl":{"start":{"line":35,"column":48},"end":{"line":35,"column":49}},"loc":{"start":{"line":36,"column":2},"end":{"line":52,"column":4}},"line":36}},"branchMap":{},"s":{"0":9,"1":0,"2":9},"f":{"0":0},"b":{},"_coverageSchema":"43e27e138ebf9cfc5966b082cf9a028302ed4184","hash":"d9e0394244ffbe25b417242b493c429b550b1d49"},"/home/dacm/Projects/NotGovUK/packages/components/src/lib/components/textarea/index.ts":{"path":"/home/dacm/Projects/NotGovUK/packages/components/src/lib/components/textarea/index.ts","statementMap":{"0":{"start":{"line":35,"column":46},"end":{"line":52,"column":4}},"1":{"start":{"line":36,"column":2},"end":{"line":52,"column":4}},"2":{"start":{"line":54,"column":0},"end":{"line":67,"column":2}}},"fnMap":{"0":{"name":"(anonymous_0)","decl":{"start":{"line":35,"column":46},"end":{"line":35,"column":47}},"loc":{"start":{"line":36,"column":2},"end":{"line":52,"column":4}},"line":36}},"branchMap":{},"s":{"0":9,"1":0,"2":9},"f":{"0":0},"b":{},"_coverageSchema":"43e27e138ebf9cfc5966b082cf9a028302ed4184","hash":"27ae015e33d3fb918c8d3509ca4a4069c06f7d54"},"/home/dacm/Projects/NotGovUK/packages/components/src/lib/components/footer/index.tsx":{"path":"/home/dacm/Projects/NotGovUK/packages/components/src/lib/components/footer/index.tsx","statementMap":{"0":{"start":{"line":13,"column":42},"end":{"line":32,"column":1}},"1":{"start":{"line":14,"column":2},"end":{"line":31,"column":15}},"2":{"start":{"line":34,"column":0},"end":{"line":38,"column":2}}},"fnMap":{"0":{"name":"(anonymous_0)","decl":{"start":{"line":13,"column":42},"end":{"line":13,"column":43}},"loc":{"start":{"line":14,"column":2},"end":{"line":31,"column":15}},"line":14}},"branchMap":{},"s":{"0":9,"1":2,"2":9},"f":{"0":2},"b":{},"_coverageSchema":"43e27e138ebf9cfc5966b082cf9a028302ed4184","hash":"7826bb1845ef6e81425f8b9de442b2f93f7fe610"},"/home/dacm/Projects/NotGovUK/packages/components/src/lib/components/header/index.tsx":{"path":"/home/dacm/Projects/NotGovUK/packages/components/src/lib/components/header/index.tsx","statementMap":{"0":{"start":{"line":39,"column":42},"end":{"line":86,"column":1}},"1":{"start":{"line":40,"column":21},"end":{"line":43,"column":4}},"2":{"start":{"line":45,"column":4},"end":{"line":55,"column":10}},"3":{"start":{"line":48,"column":10},"end":{"line":52,"column":15}},"4":{"start":{"line":58,"column":4},"end":{"line":58,"column":111}},"5":{"start":{"line":61,"column":2},"end":{"line":85,"column":4}},"6":{"start":{"line":88,"column":0},"end":{"line":99,"column":2}}},"fnMap":{"0":{"name":"(anonymous_0)","decl":{"start":{"line":39,"column":42},"end":{"line":39,"column":43}},"loc":{"start":{"line":39,"column":51},"end":{"line":86,"column":1}},"line":39},"1":{"name":"(anonymous_1)","decl":{"start":{"line":47,"column":24},"end":{"line":47,"column":25}},"loc":{"start":{"line":48,"column":10},"end":{"line":52,"column":15}},"line":48}},"branchMap":{"0":{"loc":{"start":{"line":40,"column":21},"end":{"line":43,"column":4}},"type":"cond-expr","locations":[{"start":{"line":40,"column":42},"end":{"line":40,"column":58}},{"start":{"line":40,"column":61},"end":{"line":43,"column":4}}],"line":40},"1":{"loc":{"start":{"line":48,"column":70},"end":{"line":48,"column":94}},"type":"cond-expr","locations":[{"start":{"line":48,"column":81},"end":{"line":48,"column":89}},{"start":{"line":48,"column":92},"end":{"line":48,"column":94}}],"line":48},"2":{"loc":{"start":{"line":63,"column":111},"end":{"line":63,"column":142}},"type":"cond-expr","locations":[{"start":{"line":63,"column":124},"end":{"line":63,"column":130}},{"start":{"line":63,"column":133},"end":{"line":63,"column":142}}],"line":63},"3":{"loc":{"start":{"line":79,"column":11},"end":{"line":79,"column":42}},"type":"cond-expr","locations":[{"start":{"line":79,"column":25},"end":{"line":79,"column":37}},{"start":{"line":79,"column":40},"end":{"line":79,"column":42}}],"line":79},"4":{"loc":{"start":{"line":81,"column":11},"end":{"line":81,"column":39}},"type":"cond-expr","locations":[{"start":{"line":81,"column":31},"end":{"line":81,"column":34}},{"start":{"line":81,"column":37},"end":{"line":81,"column":39}}],"line":81}},"s":{"0":9,"1":5,"2":5,"3":3,"4":5,"5":5,"6":9},"f":{"0":5,"1":3},"b":{"0":[5,0],"1":[0,3],"2":[0,5],"3":[1,4],"4":[1,4]},"_coverageSchema":"43e27e138ebf9cfc5966b082cf9a028302ed4184","ha
[...]
line":97,"column":63}},"26":{"start":{"line":98,"column":0},"end":{"line":104,"column":2}},"27":{"start":{"line":105,"column":21},"end":{"line":105,"column":53}},"28":{"start":{"line":105,"column":28},"end":{"line":105,"column":52}},"29":{"start":{"line":106,"column":0},"end":{"line":112,"column":2}}},"fnMap":{"0":{"name":"(anonymous_0)","decl":{"start":{"line":19,"column":22},"end":{"line":19,"column":23}},"loc":{"start":{"line":20,"column":2},"end":{"line":31,"column":4}},"line":20},"1":{"name":"(anonymous_1)","decl":{"start":{"line":41,"column":24},"end":{"line":41,"column":25}},"loc":{"start":{"line":41,"column":31},"end":{"line":41,"column":63}},"line":41},"2":{"name":"(anonymous_2)","decl":{"start":{"line":49,"column":22},"end":{"line":49,"column":23}},"loc":{"start":{"line":49,"column":29},"end":{"line":49,"column":71}},"line":49},"3":{"name":"(anonymous_3)","decl":{"start":{"line":57,"column":25},"end":{"line":57,"column":26}},"loc":{"start":{"line":57,"column":32},"end":{"line":57,"column":80}},"line":57},"4":{"name":"(anonymous_4)","decl":{"start":{"line":65,"column":23},"end":{"line":65,"column":24}},"loc":{"start":{"line":65,"column":30},"end":{"line":65,"column":69}},"line":65},"5":{"name":"(anonymous_5)","decl":{"start":{"line":73,"column":24},"end":{"line":73,"column":25}},"loc":{"start":{"line":73,"column":31},"end":{"line":73,"column":93}},"line":73},"6":{"name":"(anonymous_6)","decl":{"start":{"line":81,"column":30},"end":{"line":81,"column":31}},"loc":{"start":{"line":81,"column":37},"end":{"line":81,"column":77}},"line":81},"7":{"name":"(anonymous_7)","decl":{"start":{"line":89,"column":31},"end":{"line":89,"column":32}},"loc":{"start":{"line":89,"column":38},"end":{"line":89,"column":86}},"line":89},"8":{"name":"(anonymous_8)","decl":{"start":{"line":97,"column":20},"end":{"line":97,"column":21}},"loc":{"start":{"line":97,"column":27},"end":{"line":97,"column":63}},"line":97},"9":{"name":"(anonymous_9)","decl":{"start":{"line":105,"column":21},"end":{"line":105,"column":22}},"loc":{"start":{"line":105,"column":28},"end":{"line":105,"column":52}},"line":105}},"branchMap":{},"s":{"0":1,"1":1,"2":1,"3":1,"4":1,"5":1,"6":1,"7":1,"8":1,"9":1,"10":1,"11":1,"12":1,"13":1,"14":1,"15":1,"16":1,"17":1,"18":1,"19":1,"20":1,"21":1,"22":1,"23":1,"24":1,"25":1,"26":1,"27":1,"28":1,"29":1},"f":{"0":1,"1":1,"2":1,"3":1,"4":1,"5":1,"6":1,"7":1,"8":1,"9":1},"b":{},"_coverageSchema":"43e27e138ebf9cfc5966b082cf9a028302ed4184","hash":"2fec16405ebc63548c100a4dad8cb7e749aeef64"},"/home/dacm/Projects/NotGovUK/packages/components/src/pages/index.tsx":{"path":"/home/dacm/Projects/NotGovUK/packages/components/src/pages/index.tsx","statementMap":{"0":{"start":{"line":7,"column":21},"end":{"line":11,"column":4}},"1":{"start":{"line":7,"column":31},"end":{"line":11,"column":3}}},"fnMap":{"0":{"name":"(anonymous_0)","decl":{"start":{"line":7,"column":21},"end":{"line":7,"column":22}},"loc":{"start":{"line":7,"column":31},"end":{"line":11,"column":3}},"line":7}},"branchMap":{},"s":{"0":0,"1":0},"f":{"0":0},"b":{},"hash":"4dd59fcd83f541a7ab8da2818c2ec14d339b1727"},"/home/dacm/Projects/NotGovUK/packages/components/src/lib/storyshots.itest.ts":{"path":"/home/dacm/Projects/NotGovUK/packages/components/src/lib/storyshots.itest.ts","statementMap":{"0":{"start":{"line":6,"column":34},"end":{"line":6,"column":52}},"1":{"start":{"line":7,"column":27},"end":{"line":7,"column":124}},"2":{"start":{"line":8,"column":27},"end":{"line":8,"column":88}},"3":{"start":{"line":9,"column":21},"end":{"line":9,"column":95}},"4":{"start":{"line":11,"column":0},"end":{"line":17,"column":3}},"5":{"start":{"line":15,"column":27},"end":{"line":15,"column":72}}},"fnMap":{"0":{"name":"(anonymous_0)","decl":{"start":{"line":15,"column":19},"end":{"line":15,"column":20}},"loc":{"start":{"line":15,"column":27},"end":{"line":15,"column":72}},"line":15}},"branchMap":{"0":{"loc":{"start":{"line":7,"column":27},"end":{"line":7,"column":124}},"type":"binary-expr","locations":[{"start":{"line":7,"column":27},"end":{"line":7,"column":52}},{"start":{"line":7,"column":57},"end":{"line":7,"column":94}},{"start":{"line":7,"column":98},"end":{"line":7,"column":123}}],"line":7},"1":{"loc":{"start":{"line":8,"column":27},"end":{"line":8,"column":88}},"type":"binary-expr","locations":[{"start":{"line":8,"column":27},"end":{"line":8,"column":45}},{"start":{"line":8,"column":49},"end":{"line":8,"column":88}}],"line":8},"2":{"loc":{"start":{"line":9,"column":21},"end":{"line":9,"column":95}},"type":"binary-expr","locations":[{"start":{"line":9,"column":21},"end":{"line":9,"column":46}},{"start":{"line":9,"column":50},"end":{"line":9,"column":68}},{"start":{"line":9,"column":72},"end":{"line":9,"column":95}}],"line":9}},"s":{"0":0,"1":0,"2":0,"3":0,"4":0,"5":0},"f":{"0":0},"b":{"0":[0,0,0],"1":[0,0],"2":[0,0,0]},"hash":"b3ce27125d63a29292b5207bba36bf4cef164921"},"/home/dacm/Projects/NotGovUK/packages/components/src/pages/result.tsx":{"path":"/home/dacm/Projects/NotGovUK/packages/components/src/pages/result.tsx","statementMap":{"0":{"start":{"line":7,"column":20},"end":{"line":7,"column":60}},"1":{"start":{"line":7,"column":27},"end":{"line":7,"column":60}},"2":{"start":{"line":9,"column":13},"end":{"line":41,"column":1}},"3":{"start":{"line":10,"column":19},"end":{"line":10,"column":32}},"4":{"start":{"line":11,"column":15},"end":{"line":16,"column":3}},"5":{"start":{"line":18,"column":4},"end":{"line":20,"column":12}},"6":{"start":{"line":22,"column":18},"end":{"line":22,"column":51}},"7":{"start":{"line":24,"column":2},"end":{"line":40,"column":7}}},"fnMap":{"0":{"name":"(anonymous_0)","decl":{"start":{"line":7,"column":20},"end":{"line":7,"column":21}},"loc":{"start":{"line":7,"column":27},"end":{"line":7,"column":60}},"line":7},"1":{"name":"(anonymous_1)","decl":{"start":{"line":9,"column":13},"end":{"line":9,"column":14}},"loc":{"start":{"line":9,"column":22},"end":{"line":41,"column":1}},"line":9}},"branchMap":{"0":{"loc":{"start":{"line":18,"column":4},"end":{"line":20,"column":12}},"type":"cond-expr","locations":[{"start":{"line":19,"column":8},"end":{"line":19,"column":12}},{"start":{"line":20,"column":8},"end":{"line":20,"column":12}}],"line":18}},"s":{"0":0,"1":0,"2":0,"3":0,"4":0,"5":0,"6":0,"7":0},"f":{"0":0,"1":0},"b":{"0":[0,0]},"hash":"64c2700d5ab53aceb0df8be2c756be5140c8aa26"},"/home/dacm/Projects/NotGovUK/packages/components/src/setupIntegrationTests.ts":{"path":"/home/dacm/Projects/NotGovUK/packages/components/src/setupIntegrationTests.ts","statementMap":{},"fnMap":{},"branchMap":{},"s":{},"f":{},"b":{},"hash":"236c47acedf9e6ebd136d53fa1c918ab48bef17d"},"/home/dacm/Projects/NotGovUK/packages/components/src/pages/forms.tsx":{"path":"/home/dacm/Projects/NotGovUK/packages/components/src/pages/forms.tsx","statementMap":{"0":{"start":{"line":13,"column":18},"end":{"line":16,"column":47}},"1":{"start":{"line":13,"column":36},"end":{"line":16,"column":47}},"2":{"start":{"line":13,"column":55},"end":{"line":16,"column":47}},"3":{"start":{"line":14,"column":2},"end":{"line":16,"column":47}},"4":{"start":{"line":18,"column":20},"end":{"line":18,"column":60}},"5":{"start":{"line":18,"column":27},"end":{"line":18,"column":60}},"6":{"start":{"line":20,"column":13},"end":{"line":170,"column":1}},"7":{"start":{"line":21,"column":19},"end":{"line":21,"column":32}},"8":{"start":{"line":23,"column":2},"end":{"line":169,"column":7}},"9":{"start":{"line":60,"column":17},"end":{"line":60,"column":35}}},"fnMap":{"0":{"name":"(anonymous_0)","decl":{"start":{"line":13,"column":18},"end":{"line":13,"column":19}},"loc":{"start":{"line":13,"column":36},"end":{"line":16,"column":47}},"line":13},"1":{"name":"(anonymous_1)","decl":{"start":{"line":13,"column":36},"end":{"line":13,"column":37}},"loc":{"start":{"line":13,"column":55},"end":{"line":16,"column":47}},"line":13},"2":{"name":"(anonymous_2)","decl":{"start":{"line":13,"column":55},"end":{"line":13,"column":56}},"loc":{"start":{"line":14,"column":2},"end":{"line":16,"column":47}},"line":14},"3":{"name":"(anonymous_3)","decl":{"start":{"line":18,"column":20},"end":{"line":18,"column":21}},"loc":{"start":{"line":18,"column":27},"end":{"line":18,"column":60}},"line":18},"4":{"name":"(anonymous_4)","decl":{"start":{"line":20,"column":13},"end":{"line":20,"column":14}},"loc":{"start":{"line":20,"column":22},"end":{"line":170,"column":1}},"line":20},"5":{"name":"(anonymous_5)","decl":{"start":{"line":60,"column":12},"end":{"line":60,"column":13}},"loc":{"start":{"line":60,"column":17},"end":{"line":60,"column":35}},"line":60}},"branchMap":{},"s":{"0":0,"1":0,"2":0,"3":0,"4":0,"5":0,"6":0,"7":0,"8":0,"9":0},"f":{"0":0,"1":0,"2":0,"3":0,"4":0,"5":0},"b":{},"hash":"c239ddb6d5ffb2742f0a4e017c1ba32b1434a628"},"/home/dacm/Projects/NotGovUK/packages/components/src/index.tsx":{"path":"/home/dacm/Projects/NotGovUK/packages/components/src/index.tsx","statementMap":{"0":{"start":{"line":17,"column":12},"end":{"line":62,"column":1}},"1":{"start":{"line":18,"column":2},"end":{"line":61,"column":9}},"2":{"start":{"line":65,"column":2},"end":{"line":65,"column":26}},"3":{"start":{"line":68,"column":0},"end":{"line":68,"column":55}},"4":{"start":{"line":73,"column":0},"end":{"line":73,"column":27}}},"fnMap":{"0":{"name":"(anonymous_0)","decl":{"start":{"line":17,"column":12},"end":{"line":17,"column":13}},"loc":{"start":{"line":18,"column":2},"end":{"line":61,"column":9}},"line":18}},"branchMap":{},"s":{"0":0,"1":0,"2":0,"3":0,"4":0},"f":{"0":0},"b":{},"hash":"344d273da42c74390568f81bd9fd01025746c8e4"},"/home/dacm/Projects/NotGovUK/packages/components/src/pages/poc.tsx":{"path":"/home/dacm/Projects/NotGovUK/packages/components/src/pages/poc.tsx","statementMap":{"0":{"start":{"line":16,"column":13},"end":{"line":145,"column":4}},"1":{"start":{"line":16,"column":23},"end":{"line":145,"column":3}}},"fnMap":{"0":{"name":"(anonymous_0)","decl":{"start":{"line":16,"column":13},"end":{"line":16,"column":14}},"loc":{"start":{"line":16,"column":23},"end":{"line":145,"column":3}},"line":16}},"branchMap":{},"s":{"0":0,"1":0},"f":{"0":0},"b":{},"hash":"556f89d0a526f1208144a2f9140b532b2e911e07"},"/home/dacm/Projects/NotGovUK/packages/components/src/serviceWorker.js":{"path":"/home/dacm/Projects/NotGovUK/packages/components/src/serviceWorker.js","statementMap":{"0":{"start":{"line":13,"column":20},"end":{"line":21,"column":1}},"1":{"start":{"line":24,"column":2},"end":{"line":54,"column":3}},"2":{"start":{"line":26,"column":22},"end":{"line":26,"column":75}},"3":{"start":{"line":27,"column":4},"end":{"line":32,"column":5}},"4":{"start":{"line":31,"column":6},"end":{"line":31,"column":13}},"5":{"start":{"line":34,"column":4},"end":{"line":53,"column":7}},"6":{"start":{"line":35,"column":20},"end":{"line":35,"column":65}},"7":{"start":{"line":37,"column":6},"end":{"line":52,"column":7}},"8":{"start":{"line":39,"column":8},"end":{"line":39,"column":47}},"9":{"start":{"line":43,"column":8},"end":{"line":48,"column":11}},"10":{"start":{"line":44,"column":10},"end":{"line":47,"column":12}},"11":{"start":{"line":51,"column":8},"end":{"line":51,"column":39}},"12":{"start":{"line":58,"column":2},"end":{"line":98,"column":7}},"13":{"start":{"line":61,"column":6},"end":{"line":94,"column":8}},"14":{"start":{"line":62,"column":33},"end":{"line":62,"column":56}},"15":{"start":{"line":63,"column":8},"end":{"line":65,"column":9}},"16":{"start":{"line":64,"column":10},"end":{"line":64,"column":17}},"17":{"start":{"line":66,"column":8},"end":{"line":93,"column":10}},"18":{"start":{"line":67,"column":10},"end":{"line":92,"column":11}},"19":{"start":{"line":68,"column":12},"end":{"line":91,"column":13}},"20":{"start":{"line":72,"column":14},"end":{"line":75,"column":16}},"21":{"start":{"line":78,"column":14},"end":{"line":80,"column":15}},"22":{"start":{"line":79,"column":16},"end":{"line":79,"column":46}},"23":{"start":{"line":85,"column":14},"end":{"line":85,"column":64}},"24":{"start":{"line":88,"column":14},"end":{"line":90,"column":15}},"25":{"start":{"line":89,"column":16},"end":{"line":89,"column":47}},"26":{"start":{"line":97,"column":6},"end":{"line":97,"column":72}},"27":{"start":{"line":103,"column":2},"end":{"line":126,"column":7}},"28":{"start":{"line":106,"column":26},"end":{"line":106,"column":62}},"29":{"start":{"line":107,"column":6},"end":{"line":120,"column":7}},"30":{"start":{"line":112,"column":8},"end":{"line":116,"column":11}},"31":{"start":{"line":113,"column":10},"end":{"line":115,"column":13}},"32":{"start":{"line":114,"column":12},"end":{"line":114,"column":37}},"33":{"start":{"line":119,"column":8},"end":{"line":119,"column":39}},"34":{"start":{"line":123,"column":6},"end":{"line":125,"column":8}},"35":{"start":{"line":130,"column":2},"end":{"line":134,"column":3}},"36":{"start":{"line":131,"column":4},"end":{"line":133,"column":7}},"37":{"start":{"line":132,"column":6},"end":{"line":132,"column":32}}},"fnMap":{"0":{"name":"register","decl":{"start":{"line":23,"column":16},"end":{"line":23,"column":24}},"loc":{"start":{"line":23,"column":33},"end":{"line":55,"column":1}},"line":23},"1":{"name":"(anonymous_1)","decl":{"start":{"line":34,"column":36},"end":{"line":34,"column":37}},"loc":{"start":{"line":34,"column":42},"end":{"line":53,"column":5}},"line":34},"2":{"name":"(anonymous_2)","decl":{"start":{"line":43,"column":43},"end":{"line":43,"column":44}},"loc":{"start":{"line":43,"column":49},"end":{"line":48,"column":9}},"line":43},"3":{"name":"registerValidSW","decl":{"start":{"line":57,"column":9},"end":{"line":57,"column":24}},"loc":{"start":{"line":57,"column":40},"end":{"line":99,"column":1}},"line":57},"4":{"name":"(anonymous_4)","decl":{"start":{"line":60,"column":10},"end":{"line":60,"column":11}},"loc":{"start":{"line":60,"column":26},"end":{"line":95,"column":5}},"line":60},"5":{"name":"(anonymous_5)","decl":{"start":{"line":61,"column":35},"end":{"line":61,"column":36}},"loc":{"start":{"line":61,"column":41},"end":{"line":94,"column":7}},"line":61},"6":{"name":"(anonymous_6)","decl":{"start":{"line":66,"column":41},"end":{"line":66,"column":42}},"loc":{"start":{"line":66,"column":47},"end":{"line":93,"column":9}},"line":66},"7":{"name":"(anonymous_7)","decl":{"start":{"line":96,"column":11},"end":{"line":96,"column":12}},"loc":{"start":{"line":96,"column":20},"end":{"line":98,"column":5}},"line":96},"8":{"name":"checkValidServiceWorker","decl":{"start":{"line":101,"column":9},"end":{"line":101,"column":32}},"loc":{"start":{"line":101,"column":48},"end":{"line":127,"column":1}},"line":101},"9":{"name":"(anonymous_9)","decl":{"start":{"line":104,"column":10},"end":{"line":104,"column":11}},"loc":{"start":{"line":104,"column":22},"end":{"line":121,"column":5}},"line":104},"10":{"name":"(anonymous_10)","decl":{"start":{"line":112,"column":43},"end":{"line":112,"column":44}},"loc":{"start":{"line":112,"column":59},"end":{"line":116,"column":9}},"line":112},"11":{"name":"(anonymous_11)","decl":{"start":{"line":113,"column":41},"end":{"line":113,"column":42}},"loc":{"start":{"line":113,"column":47},"end":{"line":115,"column":11}},"line":113},"12":{"name":"(anonymous_12)","decl":{"start":{"line":122,"column":11},"end":{"line":122,"column":12}},"loc":{"start":{"line":122,"column":17},"end":{"line":126,"column":5}},"line":122},"13":{"name":"unregister","decl":{"start":{"line":129,"column":16},"end":{"line":129,"column":26}},"loc":{"start":{"line":129,"column":29},"end":{"line":135,"column":1}},"line":129},"14":{"name":"(anonymous_14)","decl":{"start":{"line":131,"column":39},"end":{"line":131,"column":40}},"loc":{"start":{"line":131,"column":55},"end":{"line":133,"column":5}},"line":131}},"branchMap":{"0":{"loc":{"start":{"line":14,"column":2},"end":{"line":20,"column":5}},"type":"binary-expr","locations":[{"start":{"line":14,"column":2},"end":{"line":14,"column":42}},{"start":{"line":16,"column":4},"end":{"line":16,"column":40}},{"start":{"line":18,"column":4},"end":{"line":20,"column":5}}],"line":14},"1":{"loc":{"start":{"line":24,"column":2},"end":{"line":54,"column":3}},"type":"if","locations":[{"start":{"line":24,"column":2},"end":{"line":54,"column":3}},{"start":{"line":24,"column":2},"end":{"line":54,"column":3}}],"line":24},"2":{"loc":{"start":{"line":24,"column":6},"end":{"line":24,"column":75}},"type":"binary-expr","locations":[{"start":{"line":24,"column":6},"end":{"line":24,"column":43}},{"start":{"line":24,"column":47},"end":{"line":24,"column":75}}],"line":24},"3":{"loc":{"start":{"line":27,"column":4},"end":{"line":32,"column":5}},"type":"if","locations":[{"start":{"line":27,"column":4},"end":{"line":32,"column":5}},{"start":{"line":27,"column":4},"end":{"line":32,"column":5}}],"line":27},"4":{"loc":{"start":{"line":37,"column":6},"end":{"line":52,"column":7}},"type":"if","locations":[{"start":{"line":37,"column":6},"end":{"line":52,"column":7}},{"start":{"line":37,"column":6},"end":{"line":52,"column":7}}],"line":37},"5":{"loc":{"start":{"line":63,"column":8},"end":{"line":65,"column":9}},"type":"if","locations":[{"start":{"line":63,"column":8},"end":{"line":65,"column":9}},{"start":{"line":63,"column":8},"end":{"line":65,"column":9}}],"line":63},"6":{"loc":{"start":{"line":67,"column":10},"end":{"line":92,"column":11}},"type":"if","locations":[{"start":{"line":67,"column":10},"end":{"line":92,"column":11}},{"start":{"line":67,"column":10},"end":{"line":92,"column":11}}],"line":67},"7":{"loc":{"start":{"line":68,"column":12},"end":{"line":91,"column":13}},"type":"if","locations":[{"start":{"line":68,"column":12},"end":{"line":91,"column":13}},{"start":{"line":68,"column":12},"end":{"line":91,"column":13}}],"line":68},"8":{"loc":{"start":{"line":78,"column":14},"end":{"line":80,"column":15}},"type":"if","locations":[{"start":{"line":78,"column":14},"end":{"line":80,"column":15}},{"start":{"line":78,"column":14},"end":{"line":80,"column":15}}],"line":78},"9":{"loc":{"start":{"line":78,"column":18},"end":{"line":78,"column":43}},"type":"binary-expr","locations":[{"start":{"line":78,"column":18},"end":{"line":78,"column":24}},{"start":{"line":78,"column":28},"end":{"line":78,"column":43}}],"line":78},"10":{"loc":{"start":{"line":88,"column":14},"end":{"line":90,"column":15}},"type":"if","locations":[{"start":{"line":88,"column":14},"end":{"line":90,"column":15}},{"start":{"line":88,"column":14},"end":{"line":90,"column":15}}],"line":88},"11":{"loc":{"start":{"line":88,"column":18},"end":{"line":88,"column":44}},"type":"binary-expr","locations":[{"start":{"line":88,"column":18},"end":{"line":88,"column":24}},{"start":{"line":88,"column":28},"end":{"line":88,"column":44}}],"line":88},"12":{"loc":{"start":{"line":107,"column":6},"end":{"line":120,"column":7}},"type":"if","locations":[{"start":{"line":107,"column":6},"end":{"line":120,"column":7}},{"start":{"line":107,"column":6},"end":{"line":120,"column":7}}],"line":107},"13":{"loc":{"start":{"line":108,"column":8},"end":{"line":109,"column":73}},"type":"binary-expr","locations":[{"start":{"line":108,"column":8},"end":{"line":108,"column":31}},{"start":{"line":109,"column":9},"end":{"line":109,"column":28}},{"start":{"line":109,"column":32},"end":{"line":109,"column":72}}],"line":108},"14":{"loc":{"start":{"line":130,"column":2},"end":{"line":134,"column":3}},"type":"if","locations":[{"start":{"line":130,"column":2},"end":{"line":134,"column":3}},{"start":{"line":130,"column":2},"end":{"line":134,"column":3}}],"line":130}},"s":{"0":0,"1":0,"2":0,"3":0,"4":0,"5":0,"6":0,"7":0,"8":0,"9":0,"10":0,"11":0,"12":0,"13":0,"14":0,"15":0,"16":0,"17":0,"18":0,"19":0,"20":0,"21":0,"22":0,"23":0,"24":0,"25":0,"26":0,"27":0,"28":0,"29":0,"30":0,"31":0,"32":0,"33":0,"34":0,"35":0,"36":0,"37":0},"f":{"0":0,"1":0,"2":0,"3":0,"4":0,"5":0,"6":0,"7":0,"8":0,"9":0,"10":0,"11":0,"12":0,"13":0,"14":0},"b":{"0":[0,0,0],"1":[0,0],"2":[0,0],"3":[0,0],"4":[0,0],"5":[0,0],"6":[0,0],"7":[0,0],"8":[0,0],"9":[0,0],"10":[0,0],"11":[0,0],"12":[0,0],"13":[0,0,0],"14":[0,0]},"hash":"3940947db795e9e8fd0e8690a8488f271e342a9e"}}}